Using pre-set license
Built from '2021.3/staging' branch; Version is '2021.3.20f1 (577897200b8b) revision 5732503'; Using compiler version '192829333'; Build Type 'Release'
OS: 'Windows 11  (10.0.22621) 64bit Core' Language: 'ko' Physical Memory: 7549 MB
BatchMode: 1, IsHumanControllingUs: 0, StartBugReporterOnCrash: 0, Is64bit: 1, IsPro: 1

COMMAND LINE ARGUMENTS:
C:\Program Files\Unity\Hub\Editor\2021.3.20f1\Editor\Unity.exe
-adb2
-batchMode
-noUpm
-name
AssetImportWorker0
-projectPath
C:/Users/qpqp6/OneDrive/문서/GitHub/SMG-Project/SMG-Project/SMG-Project
-logFile
Logs/AssetImportWorker0.log
-srvPort
61630
Successfully changed project path to: C:/Users/qpqp6/OneDrive/문서/GitHub/SMG-Project/SMG-Project/SMG-Project
C:/Users/qpqp6/OneDrive/문서/GitHub/SMG-Project/SMG-Project/SMG-Project
[UnityMemory] Configuration Parameters - Can be set up in boot.config
    "memorysetup-bucket-allocator-granularity=16"
    "memorysetup-bucket-allocator-bucket-count=8"
    "memorysetup-bucket-allocator-block-size=33554432"
    "memorysetup-bucket-allocator-block-count=8"
    "memorysetup-main-allocator-block-size=16777216"
    "memorysetup-thread-allocator-block-size=16777216"
    "memorysetup-gfx-main-allocator-block-size=16777216"
    "memorysetup-gfx-thread-allocator-block-size=16777216"
    "memorysetup-cache-allocator-block-size=4194304"
    "memorysetup-typetree-allocator-block-size=2097152"
    "memorysetup-profiler-bucket-allocator-granularity=16"
    "memorysetup-profiler-bucket-allocator-bucket-count=8"
    "memorysetup-profiler-bucket-allocator-block-size=33554432"
    "memorysetup-profiler-bucket-allocator-block-count=8"
    "memorysetup-profiler-allocator-block-size=16777216"
    "memorysetup-profiler-editor-allocator-block-size=1048576"
    "memorysetup-temp-allocator-size-main=16777216"
    "memorysetup-job-temp-allocator-block-size=2097152"
    "memorysetup-job-temp-allocator-block-size-background=1048576"
    "memorysetup-job-temp-allocator-reduction-small-platforms=262144"
    "memorysetup-temp-allocator-size-background-worker=32768"
    "memorysetup-temp-allocator-size-job-worker=262144"
    "memorysetup-temp-allocator-size-preload-manager=33554432"
    "memorysetup-temp-allocator-size-nav-mesh-worker=65536"
    "memorysetup-temp-allocator-size-audio-worker=65536"
    "memorysetup-temp-allocator-size-cloud-worker=32768"
    "memorysetup-temp-allocator-size-gi-baking-worker=262144"
    "memorysetup-temp-allocator-size-gfx=262144"
Player connection [20928] Host "[IP] 172.16.101.224 [Port] 0 [Flags] 2 [Guid] 260431787 [EditorId] 260431787 [Version] 1048832 [Id] WindowsEditor(7,DESKTOP-ID5LL6A) [Debug] 1 [PackageName] WindowsEditor [ProjectName] Editor" joined multi-casting on [225.0.0.222:54997]...

Player connection [20928] Host "[IP] 172.16.101.224 [Port] 0 [Flags] 2 [Guid] 260431787 [EditorId] 260431787 [Version] 1048832 [Id] WindowsEditor(7,DESKTOP-ID5LL6A) [Debug] 1 [PackageName] WindowsEditor [ProjectName] Editor" joined alternative multi-casting on [225.0.0.222:34997]...

Refreshing native plugins compatible for Editor in 34.17 ms, found 2 plugins.
Preloading 0 native plugins for Editor in 0.00 ms.
Initialize engine version: 2021.3.20f1 (577897200b8b)
[Subsystems] Discovering subsystems at path C:/Program Files/Unity/Hub/Editor/2021.3.20f1/Editor/Data/Resources/UnitySubsystems
[Subsystems] Discovering subsystems at path C:/Users/qpqp6/OneDrive/문서/GitHub/SMG-Project/SMG-Project/SMG-Project/Assets
GfxDevice: creating device client; threaded=0; jobified=0
Direct3D:
    Version:  Direct3D 11.0 [level 11.1]
    Renderer: AMD Radeon(TM) Graphics (ID=0x1636)
    Vendor:   ATI
    VRAM:     3774 MB
    Driver:   26.20.14052.0
Initialize mono
Mono path[0] = 'C:/Program Files/Unity/Hub/Editor/2021.3.20f1/Editor/Data/Managed'
Mono path[1] = 'C:/Program Files/Unity/Hub/Editor/2021.3.20f1/Editor/Data/MonoBleedingEdge/lib/mono/unityjit-win32'
Mono config path = 'C:/Program Files/Unity/Hub/Editor/2021.3.20f1/Editor/Data/MonoBleedingEdge/etc'
Using monoOptions --debugger-agent=transport=dt_socket,embedding=1,server=y,suspend=n,address=127.0.0.1:56572
Begin MonoManager ReloadAssembly
Registering precompiled unity dll's ...
Register platform support module: C:/Program Files/Unity/Hub/Editor/2021.3.20f1/Editor/Data/PlaybackEngines/AndroidPlayer/UnityEditor.Android.Extensions.dll
Register platform support module: C:/Program Files/Unity/Hub/Editor/2021.3.20f1/Editor/Data/PlaybackEngines/WindowsStandaloneSupport/UnityEditor.WindowsStandalone.Extensions.dll
Registered in 0.034234 seconds.
Native extension for WindowsStandalone target not found
Native extension for Android target not found
Android Extension - Scanning For ADB Devices 434 ms
Refreshing native plugins compatible for Editor in 27.51 ms, found 2 plugins.
Preloading 0 native plugins for Editor in 0.00 ms.
Mono: successfully reloaded assembly
- Completed reload, in  1.304 seconds
Domain Reload Profiling:
	ReloadAssembly (1306ms)
		BeginReloadAssembly (173ms)
			ExecutionOrderSort (0ms)
			DisableScriptedObjects (0ms)
			BackupInstance (0ms)
			ReleaseScriptingObjects (0ms)
			CreateAndSetChildDomain (1ms)
		EndReloadAssembly (942ms)
			LoadAssemblies (166ms)
			RebuildTransferFunctionScriptingTraits (0ms)
			SetupTypeCache (140ms)
			ReleaseScriptCaches (0ms)
			RebuildScriptCaches (29ms)
			SetupLoadedEditorAssemblies (693ms)
				LogAssemblyErrors (0ms)
				InitializePlatformSupportModulesInManaged (525ms)
				SetLoadedEditorAssemblies (0ms)
				RefreshPlugins (28ms)
				BeforeProcessingInitializeOnLoad (1ms)
				ProcessInitializeOnLoadAttributes (89ms)
				ProcessInitializeOnLoadMethodAttributes (50ms)
				AfterProcessingInitializeOnLoad (0ms)
				EditorAssembliesLoaded (0ms)
			ExecutionOrderSort2 (0ms)
			AwakeInstancesAfterBackupRestoration (0ms)
Platform modules already initialized, skipping
Registering precompiled user dll's ...
Registered in 0.007922 seconds.
Begin MonoManager ReloadAssembly
Native extension for WindowsStandalone target not found
Native extension for Android target not found
Refreshing native plugins compatible for Editor in 0.30 ms, found 2 plugins.
Preloading 0 native plugins for Editor in 0.00 ms.
Mono: successfully reloaded assembly
- Completed reload, in  1.129 seconds
Domain Reload Profiling:
	ReloadAssembly (1130ms)
		BeginReloadAssembly (195ms)
			ExecutionOrderSort (0ms)
			DisableScriptedObjects (7ms)
			BackupInstance (0ms)
			ReleaseScriptingObjects (0ms)
			CreateAndSetChildDomain (28ms)
		EndReloadAssembly (791ms)
			LoadAssemblies (149ms)
			RebuildTransferFunctionScriptingTraits (0ms)
			SetupTypeCache (198ms)
			ReleaseScriptCaches (0ms)
			RebuildScriptCaches (41ms)
			SetupLoadedEditorAssemblies (389ms)
				LogAssemblyErrors (0ms)
				InitializePlatformSupportModulesInManaged (31ms)
				SetLoadedEditorAssemblies (0ms)
				RefreshPlugins (0ms)
				BeforeProcessingInitializeOnLoad (78ms)
				ProcessInitializeOnLoadAttributes (220ms)
				ProcessInitializeOnLoadMethodAttributes (25ms)
				AfterProcessingInitializeOnLoad (35ms)
				EditorAssembliesLoaded (0ms)
			ExecutionOrderSort2 (0ms)
			AwakeInstancesAfterBackupRestoration (15ms)
Platform modules already initialized, skipping
========================================================================
Worker process is ready to serve import requests
Launched and connected shader compiler UnityShaderCompiler.exe after 0.08 seconds
Refreshing native plugins compatible for Editor in 0.31 ms, found 2 plugins.
Preloading 0 native plugins for Editor in 0.00 ms.
Unloading 1350 Unused Serialized files (Serialized files now loaded: 0)
Unloading 16 unused Assets / (57.0 KB). Loaded Objects now: 1822.
Memory consumption went from 64.9 MB to 64.9 MB.
Total: 2.740600 ms (FindLiveObjects: 0.238400 ms CreateObjectMapping: 0.070300 ms MarkObjects: 2.336900 ms  DeleteObjects: 0.092400 ms)

AssetImportParameters requested are different than current active one (requested -> active):
  custom:video-decoder-ogg-theora: a1e56fd34408186e4bbccfd4996cb3dc -> 
  custom:container-muxer-webm: aa71ff27fc2769a1b78a27578f13a17b -> 
  custom:container-demuxer-webm: 4f35f7cbe854078d1ac9338744f61a02 -> 
  custom:video-encoder-webm-vp8: eb34c28f22e8b96e1ab97ce403110664 -> 
  custom:audio-encoder-webm-vorbis: bf7c407c2cedff20999df2af8eb42d56 -> 
  custom:framework-win-MediaFoundation: 216162199b28c13a410421893ffa2e32 -> 
  custom:container-demuxer-ogg: 62fdf1f143b41e24485cea50d1cbac27 -> 
  custom:video-decoder-webm-vp8: 9c59270c3fd7afecdb556c50c9e8de78 -> 
  custom:audio-decoder-ogg-vorbis: bf7c407c2cedff20999df2af8eb42d56 -> 
========================================================================
Received Import Request.
  Time since last request: 1857069.418534 seconds.
  path: Assets/Skill/Hovl Studio/Sword slash VFX/Prefabs/Sword Slash Combo 7.prefab
  artifactKey: Guid(c2053024f4730614f871bfcfa823ca86) Importer(815301076,1909f56bfc062723c751e8b465ee728b)
Start importing Assets/Skill/Hovl Studio/Sword slash VFX/Prefabs/Sword Slash Combo 7.prefab using Guid(c2053024f4730614f871bfcfa823ca86) Importer(815301076,1909f56bfc062723c751e8b465ee728b)  -> (artifact id: '8a27d0d25365a7764b6a6dd36e9fae5e') in 0.201695 seconds 
========================================================================
Received Import Request.
  Time since last request: 0.000031 seconds.
  path: Assets/Skill/Hovl Studio/Sword slash VFX/Prefabs/Prick 2.prefab
  artifactKey: Guid(52a726355873f9443b626e837ef94008) Importer(815301076,1909f56bfc062723c751e8b465ee728b)
Start importing Assets/Skill/Hovl Studio/Sword slash VFX/Prefabs/Prick 2.prefab using Guid(52a726355873f9443b626e837ef94008) Importer(815301076,1909f56bfc062723c751e8b465ee728b)  -> (artifact id: 'ca9d6c25bde692940929dd0624189104') in 0.066620 seconds 
========================================================================
Received Import Request.
  Time since last request: 0.000039 seconds.
  path: Assets/Skill/Hovl Studio/Sword slash VFX/Prefabs/Sword Slash Combo 5.prefab
  artifactKey: Guid(ed8a7612f6f028e46910f9371ae70bf8) Importer(815301076,1909f56bfc062723c751e8b465ee728b)
Start importing Assets/Skill/Hovl Studio/Sword slash VFX/Prefabs/Sword Slash Combo 5.prefab using Guid(ed8a7612f6f028e46910f9371ae70bf8) Importer(815301076,1909f56bfc062723c751e8b465ee728b)  -> (artifact id: 'a802fdc4a4f995ce94e8837635867880') in 0.058187 seconds 
========================================================================
Received Import Request.
  Time since last request: 0.000047 seconds.
  path: Assets/Skill/Hovl Studio/Sword slash VFX/Prefabs/Sword Slash Combo 8.prefab
  artifactKey: Guid(66b22539fa4a1514cb2f1020bf5f780a) Importer(815301076,1909f56bfc062723c751e8b465ee728b)
Start importing Assets/Skill/Hovl Studio/Sword slash VFX/Prefabs/Sword Slash Combo 8.prefab using Guid(66b22539fa4a1514cb2f1020bf5f780a) Importer(815301076,1909f56bfc062723c751e8b465ee728b)  -> (artifact id: 'b252199dacfbfa05daaee0a19a8a4516') in 0.089577 seconds 
========================================================================
Received Import Request.
  Time since last request: 0.000031 seconds.
  path: Assets/Skill/Hovl Studio/Sword slash VFX/Prefabs/Sword Slash 2.prefab
  artifactKey: Guid(231e3be01ac50c047bb16d07fd8d2ba5) Importer(815301076,1909f56bfc062723c751e8b465ee728b)
Start importing Assets/Skill/Hovl Studio/Sword slash VFX/Prefabs/Sword Slash 2.prefab using Guid(231e3be01ac50c047bb16d07fd8d2ba5) Importer(815301076,1909f56bfc062723c751e8b465ee728b)  -> (artifact id: '208c40d37f281ede12ce8c776a9df51f') in 0.045156 seconds 
========================================================================
Received Import Request.
  Time since last request: 0.000026 seconds.
  path: Assets/Skill/Hovl Studio/Sword slash VFX/Prefabs/Sword Slash 4.prefab
  artifactKey: Guid(e60d36cff17a1ce4db49ef54f9e72f61) Importer(815301076,1909f56bfc062723c751e8b465ee728b)
Start importing Assets/Skill/Hovl Studio/Sword slash VFX/Prefabs/Sword Slash 4.prefab using Guid(e60d36cff17a1ce4db49ef54f9e72f61) Importer(815301076,1909f56bfc062723c751e8b465ee728b)  -> (artifact id: '373d9d6d02992a79aa78a7ec8c08d5f7') in 0.040976 seconds 
========================================================================
Received Import Request.
  Time since last request: 0.000021 seconds.
  path: Assets/Skill/Hovl Studio/Sword slash VFX/Prefabs/Sword Slash 6.prefab
  artifactKey: Guid(fb101b1453aec9747a5ed7244075b1a2) Importer(815301076,1909f56bfc062723c751e8b465ee728b)
Start importing Assets/Skill/Hovl Studio/Sword slash VFX/Prefabs/Sword Slash 6.prefab using Guid(fb101b1453aec9747a5ed7244075b1a2) Importer(815301076,1909f56bfc062723c751e8b465ee728b)  -> (artifact id: 'ce134bc31eb914505fe6548063554957') in 0.031212 seconds 
========================================================================
Received Import Request.
  Time since last request: 0.000024 seconds.
  path: Assets/Skill/Hovl Studio/Sword slash VFX/Prefabs
  artifactKey: Guid(a1114be845e75aa47a7e2aa04edc8175) Importer(815301076,1909f56bfc062723c751e8b465ee728b)
Start importing Assets/Skill/Hovl Studio/Sword slash VFX/Prefabs using Guid(a1114be845e75aa47a7e2aa04edc8175) Importer(815301076,1909f56bfc062723c751e8b465ee728b)  -> (artifact id: '632ad6fadf110bdd1155a55fa62addc0') in 0.003273 seconds 
========================================================================
Received Import Request.
  Time since last request: 0.000034 seconds.
  path: Assets/Skill/Hovl Studio/Sword slash VFX/Prefabs/Sword Slash Combo 4.prefab
  artifactKey: Guid(2bed68aa33523d44bb5b6c338443b98b) Importer(815301076,1909f56bfc062723c751e8b465ee728b)
Start importing Assets/Skill/Hovl Studio/Sword slash VFX/Prefabs/Sword Slash Combo 4.prefab using Guid(2bed68aa33523d44bb5b6c338443b98b) Importer(815301076,1909f56bfc062723c751e8b465ee728b)  -> (artifact id: '6ac1fbc5ffbe254ce9e1dea910503336') in 0.127434 seconds 
========================================================================
Received Import Request.
  Time since last request: 0.000031 seconds.
  path: Assets/Skill
  artifactKey: Guid(14cb55466a6fba84a955bfc9cf309186) Importer(815301076,1909f56bfc062723c751e8b465ee728b)
Start importing Assets/Skill using Guid(14cb55466a6fba84a955bfc9cf309186) Importer(815301076,1909f56bfc062723c751e8b465ee728b)  -> (artifact id: '4920a9ba08478a68f328dd5f5b3c1a89') in 0.004201 seconds 
========================================================================
Received Import Request.
  Time since last request: 0.000031 seconds.
  path: Assets/Skill/Hovl Studio/Sword slash VFX
  artifactKey: Guid(c1fc7603eda3e6b40a13a72cd15f9e6d) Importer(815301076,1909f56bfc062723c751e8b465ee728b)
Start importing Assets/Skill/Hovl Studio/Sword slash VFX using Guid(c1fc7603eda3e6b40a13a72cd15f9e6d) Importer(815301076,1909f56bfc062723c751e8b465ee728b)  -> (artifact id: 'c23bb3d63b8eb5355f54336577e90634') in 0.004297 seconds 
========================================================================
Received Import Request.
  Time since last request: 0.000039 seconds.
  path: Assets/Skill/Hovl Studio/Sword slash VFX/Prefabs/Sword Slash 12.prefab
  artifactKey: Guid(bf9f848a24682054e9fddc30f1184e46) Importer(815301076,1909f56bfc062723c751e8b465ee728b)
Start importing Assets/Skill/Hovl Studio/Sword slash VFX/Prefabs/Sword Slash 12.prefab using Guid(bf9f848a24682054e9fddc30f1184e46) Importer(815301076,1909f56bfc062723c751e8b465ee728b)  -> (artifact id: '126850627416dd87937b0c80cb3f5bcf') in 0.045046 seconds 
========================================================================
Received Import Request.
  Time since last request: 0.000044 seconds.
  path: Assets/Skill/Hovl Studio/Sword slash VFX/Prefabs/Prick 1.prefab
  artifactKey: Guid(3e04efdf8ee665d48962b33b06e8e3d3) Importer(815301076,1909f56bfc062723c751e8b465ee728b)
Start importing Assets/Skill/Hovl Studio/Sword slash VFX/Prefabs/Prick 1.prefab using Guid(3e04efdf8ee665d48962b33b06e8e3d3) Importer(815301076,1909f56bfc062723c751e8b465ee728b)  -> (artifact id: 'acac889b223041c306397d122b5fe24b') in 0.044341 seconds 
========================================================================
Received Import Request.
  Time since last request: 0.000028 seconds.
  path: Assets/Skill/Hovl Studio/Sword slash VFX/Prefabs/Sword Slash 16.prefab
  artifactKey: Guid(5ddce4a94a63ce14b9f717142ff9ba41) Importer(815301076,1909f56bfc062723c751e8b465ee728b)
Start importing Assets/Skill/Hovl Studio/Sword slash VFX/Prefabs/Sword Slash 16.prefab using Guid(5ddce4a94a63ce14b9f717142ff9ba41) Importer(815301076,1909f56bfc062723c751e8b465ee728b)  -> (artifact id: '783a602999b33b1f838567e36d1cec3e') in 0.056185 seconds 
========================================================================
Received Import Request.
  Time since last request: 0.000031 seconds.
  path: Assets/Skill/Hovl Studio/Sword slash VFX/Prefabs/Sword Slash Combo 3.prefab
  artifactKey: Guid(ba91425caf3aa564ba28090632715dd3) Importer(815301076,1909f56bfc062723c751e8b465ee728b)
Start importing Assets/Skill/Hovl Studio/Sword slash VFX/Prefabs/Sword Slash Combo 3.prefab using Guid(ba91425caf3aa564ba28090632715dd3) Importer(815301076,1909f56bfc062723c751e8b465ee728b)  -> (artifact id: 'e9d1f1bc3b91eddad83799c78c76fbcb') in 0.099515 seconds 
========================================================================
Received Import Request.
  Time since last request: 0.000032 seconds.
  path: Assets/Skill/Hovl Studio/Sword slash VFX/Demo scene/ReflectionProbe-0.exr
  artifactKey: Guid(1a337cc62fad99f419f5e71b1c07d911) Importer(815301076,1909f56bfc062723c751e8b465ee728b)
Start importing Assets/Skill/Hovl Studio/Sword slash VFX/Demo scene/ReflectionProbe-0.exr using Guid(1a337cc62fad99f419f5e71b1c07d911) Importer(815301076,1909f56bfc062723c751e8b465ee728b)  -> (artifact id: '6ef0152fd3eba6a34286bf63cfc96d2d') in 0.051903 seconds 
========================================================================
Received Import Request.
  Time since last request: 0.000016 seconds.
  path: Assets/Skill/Hovl Studio
  artifactKey: Guid(0b31d124a34f94241b3b5fbaa8745367) Importer(815301076,1909f56bfc062723c751e8b465ee728b)
Start importing Assets/Skill/Hovl Studio using Guid(0b31d124a34f94241b3b5fbaa8745367) Importer(815301076,1909f56bfc062723c751e8b465ee728b)  -> (artifact id: 'a3680b56686edc1aaab80bd416e30c9f') in 0.004047 seconds 
========================================================================
Received Import Request.
  Time since last request: 0.000031 seconds.
  path: Assets/Skill/Hovl Studio/Sword slash VFX/Prefabs/Sword Slash 10.prefab
  artifactKey: Guid(3e914ef784028124db1daf7002a87cc8) Importer(815301076,1909f56bfc062723c751e8b465ee728b)
Start importing Assets/Skill/Hovl Studio/Sword slash VFX/Prefabs/Sword Slash 10.prefab using Guid(3e914ef784028124db1daf7002a87cc8) Importer(815301076,1909f56bfc062723c751e8b465ee728b)  -> (artifact id: 'b1764dc0587187987a053bb3542d8de7') in 0.042375 seconds 
========================================================================
Received Import Request.
  Time since last request: 0.000032 seconds.
  path: Assets/Skill/Hovl Studio/Sword slash VFX/Prefabs/Sword Slash Combo 1.prefab
  artifactKey: Guid(a51fb9315f1ec6542bde13fa3ecc04a8) Importer(815301076,1909f56bfc062723c751e8b465ee728b)
Start importing Assets/Skill/Hovl Studio/Sword slash VFX/Prefabs/Sword Slash Combo 1.prefab using Guid(a51fb9315f1ec6542bde13fa3ecc04a8) Importer(815301076,1909f56bfc062723c751e8b465ee728b)  -> (artifact id: 'c6fe6bed20ef9b83256fac9acd38a523') in 0.052413 seconds 
========================================================================
Received Import Request.
  Time since last request: 0.000041 seconds.
  path: Assets/Skill/Hovl Studio/Sword slash VFX/Prefabs/Sword Slash 14.prefab
  artifactKey: Guid(5153725f7adb4cf47952f6201f4ee095) Importer(815301076,1909f56bfc062723c751e8b465ee728b)
Start importing Assets/Skill/Hovl Studio/Sword slash VFX/Prefabs/Sword Slash 14.prefab using Guid(5153725f7adb4cf47952f6201f4ee095) Importer(815301076,1909f56bfc062723c751e8b465ee728b)  -> (artifact id: 'd6cec2e96384ab676034189d40c69aad') in 0.043096 seconds 
========================================================================
Received Import Request.
  Time since last request: 0.000035 seconds.
  path: Assets/Skill/Hovl Studio/Sword slash VFX/Prefabs/Prick 4.prefab
  artifactKey: Guid(bb4a04ef32f61a94994e75769f44b0a5) Importer(815301076,1909f56bfc062723c751e8b465ee728b)
Start importing Assets/Skill/Hovl Studio/Sword slash VFX/Prefabs/Prick 4.prefab using Guid(bb4a04ef32f61a94994e75769f44b0a5) Importer(815301076,1909f56bfc062723c751e8b465ee728b)  -> (artifact id: '128d8a1a00be111b67c31dd70b6baadb') in 0.041316 seconds 
========================================================================
Received Import Request.
  Time since last request: 0.000023 seconds.
  path: Assets/Skill/Hovl Studio/Sword slash VFX/Prefabs/Spikes attack.prefab
  artifactKey: Guid(fbab27c98b168764eb295cfff1e9f61f) Importer(815301076,1909f56bfc062723c751e8b465ee728b)
Start importing Assets/Skill/Hovl Studio/Sword slash VFX/Prefabs/Spikes attack.prefab using Guid(fbab27c98b168764eb295cfff1e9f61f) Importer(815301076,1909f56bfc062723c751e8b465ee728b)  -> (artifact id: '39f5b56027c0dd5a4444e3a3c571d1a4') in 0.180704 seconds 
========================================================================
Received Import Request.
  Time since last request: 0.000042 seconds.
  path: Assets/Skill/Hovl Studio/Sword slash VFX/Prefabs/Sword Slash 7.prefab
  artifactKey: Guid(bfbc37d0bc0e8ff4082a8b2894b3a486) Importer(815301076,1909f56bfc062723c751e8b465ee728b)
Start importing Assets/Skill/Hovl Studio/Sword slash VFX/Prefabs/Sword Slash 7.prefab using Guid(bfbc37d0bc0e8ff4082a8b2894b3a486) Importer(815301076,1909f56bfc062723c751e8b465ee728b)  -> (artifact id: 'b506349a1630d71d9e600354a15e57e7') in 0.035306 seconds 
========================================================================
Received Import Request.
  Time since last request: 0.000030 seconds.
  path: Assets/Skill/Hovl Studio/Sword slash VFX/Prefabs/Sword Slash Combo 2.prefab
  artifactKey: Guid(6a199701ed4e40c43a219746bf8b0ac7) Importer(815301076,1909f56bfc062723c751e8b465ee728b)
Start importing Assets/Skill/Hovl Studio/Sword slash VFX/Prefabs/Sword Slash Combo 2.prefab using Guid(6a199701ed4e40c43a219746bf8b0ac7) Importer(815301076,1909f56bfc062723c751e8b465ee728b)  -> (artifact id: '14d92cae44c1d184baaa986f2e0f61b1') in 0.062170 seconds 
========================================================================
Received Import Request.
  Time since last request: 0.000031 seconds.
  path: Assets/Skill/Hovl Studio/Sword slash VFX/Prefabs/Sword Slash 13.prefab
  artifactKey: Guid(3f0def245cefa134c838d34a7f6d2556) Importer(815301076,1909f56bfc062723c751e8b465ee728b)
Start importing Assets/Skill/Hovl Studio/Sword slash VFX/Prefabs/Sword Slash 13.prefab using Guid(3f0def245cefa134c838d34a7f6d2556) Importer(815301076,1909f56bfc062723c751e8b465ee728b)  -> (artifact id: '059581d01df55fc59b79aa572e279283') in 0.047111 seconds 
========================================================================
Received Import Request.
  Time since last request: 0.000023 seconds.
  path: Assets/Skill/Hovl Studio/Sword slash VFX/Prefabs/Sword Slash 9.prefab
  artifactKey: Guid(c4d564b5d4682ad46b8621f0fa6f40d9) Importer(815301076,1909f56bfc062723c751e8b465ee728b)
Start importing Assets/Skill/Hovl Studio/Sword slash VFX/Prefabs/Sword Slash 9.prefab using Guid(c4d564b5d4682ad46b8621f0fa6f40d9) Importer(815301076,1909f56bfc062723c751e8b465ee728b)  -> (artifact id: '6381592ae2e6d20a72fc4c66e53a58d3') in 0.038947 seconds 
========================================================================
Received Import Request.
  Time since last request: 0.000019 seconds.
  path: Assets/Skill/Hovl Studio/Sword slash VFX/Prefabs/Sword Slash 17.prefab
  artifactKey: Guid(028b1ae485e846c4688aabad7557e474) Importer(815301076,1909f56bfc062723c751e8b465ee728b)
Start importing Assets/Skill/Hovl Studio/Sword slash VFX/Prefabs/Sword Slash 17.prefab using Guid(028b1ae485e846c4688aabad7557e474) Importer(815301076,1909f56bfc062723c751e8b465ee728b)  -> (artifact id: '00e27e80dadaa9eb4d1ced4be0d95482') in 0.047412 seconds 
========================================================================
Received Import Request.
  Time since last request: 0.000032 seconds.
  path: Assets/Skill/Hovl Studio/Sword slash VFX/Prefabs/Sword Slash 1.prefab
  artifactKey: Guid(5bea49531fc500c408823a2e2863106f) Importer(815301076,1909f56bfc062723c751e8b465ee728b)
Start importing Assets/Skill/Hovl Studio/Sword slash VFX/Prefabs/Sword Slash 1.prefab using Guid(5bea49531fc500c408823a2e2863106f) Importer(815301076,1909f56bfc062723c751e8b465ee728b)  -> (artifact id: '8e07abe5270e44de5fae78da758e3756') in 0.036369 seconds 
========================================================================
Received Import Request.
  Time since last request: 0.000038 seconds.
  path: Assets/Skill/Hovl Studio/Sword slash VFX/Prefabs/Sword Slash 5.prefab
  artifactKey: Guid(ca63c6ac7458764498741e0306f78528) Importer(815301076,1909f56bfc062723c751e8b465ee728b)
Start importing Assets/Skill/Hovl Studio/Sword slash VFX/Prefabs/Sword Slash 5.prefab using Guid(ca63c6ac7458764498741e0306f78528) Importer(815301076,1909f56bfc062723c751e8b465ee728b)  -> (artifact id: '6e11fb2291ef35f57c6c6c25a2a8544a') in 0.066296 seconds 
========================================================================
Received Import Request.
  Time since last request: 0.000029 seconds.
  path: Assets/Skill/Hovl Studio/Sword slash VFX/Demo scene
  artifactKey: Guid(128122fee63f056428af2d2e7a9e3457) Importer(815301076,1909f56bfc062723c751e8b465ee728b)
Start importing Assets/Skill/Hovl Studio/Sword slash VFX/Demo scene using Guid(128122fee63f056428af2d2e7a9e3457) Importer(815301076,1909f56bfc062723c751e8b465ee728b)  -> (artifact id: 'fad7afff0f8c0662fd5f0d6044c31088') in 0.003982 seconds 
========================================================================
Received Import Request.
  Time since last request: 0.000058 seconds.
  path: Assets/Skill/Hovl Studio/Sword slash VFX/Prefabs/Sword Slash 8.prefab
  artifactKey: Guid(5e3170c6ef0f014409bd7423e3bb805a) Importer(815301076,1909f56bfc062723c751e8b465ee728b)
Start importing Assets/Skill/Hovl Studio/Sword slash VFX/Prefabs/Sword Slash 8.prefab using Guid(5e3170c6ef0f014409bd7423e3bb805a) Importer(815301076,1909f56bfc062723c751e8b465ee728b)  -> (artifact id: 'a376f1ce269551b90d45fb7f48ae1ae5') in 0.064203 seconds 
========================================================================
Received Import Request.
  Time since last request: 0.000055 seconds.
  path: Assets/Skill/Hovl Studio/Sword slash VFX/Prefabs/Sword Slash 11.prefab
  artifactKey: Guid(a8a6ba91edbeef2439175ecf0e08e6fb) Importer(815301076,1909f56bfc062723c751e8b465ee728b)
Start importing Assets/Skill/Hovl Studio/Sword slash VFX/Prefabs/Sword Slash 11.prefab using Guid(a8a6ba91edbeef2439175ecf0e08e6fb) Importer(815301076,1909f56bfc062723c751e8b465ee728b)  -> (artifact id: 'bd16f36dfbadace57a716ddd5c4b9b55') in 0.040871 seconds 
========================================================================
Received Import Request.
  Time since last request: 0.000032 seconds.
  path: Assets/Skill/Hovl Studio/Sword slash VFX/Prefabs/Spatial section.prefab
  artifactKey: Guid(88dd9c4a8854b804186fda4318305ba0) Importer(815301076,1909f56bfc062723c751e8b465ee728b)
Start importing Assets/Skill/Hovl Studio/Sword slash VFX/Prefabs/Spatial section.prefab using Guid(88dd9c4a8854b804186fda4318305ba0) Importer(815301076,1909f56bfc062723c751e8b465ee728b)  -> (artifact id: '5269cbc34a9df3a12969a2c35dc933ba') in 0.050777 seconds 
========================================================================
Received Import Request.
  Time since last request: 0.000034 seconds.
  path: Assets/Skill/Hovl Studio/Sword slash VFX/Demo scene/LightingData.asset
  artifactKey: Guid(9e6c3b1aa4c06814daed009ad9367a77) Importer(815301076,1909f56bfc062723c751e8b465ee728b)
Start importing Assets/Skill/Hovl Studio/Sword slash VFX/Demo scene/LightingData.asset using Guid(9e6c3b1aa4c06814daed009ad9367a77) Importer(815301076,1909f56bfc062723c751e8b465ee728b) Lighting data asset ‘LightingData’ is incompatible with the current Unity version because the scene it was baked for was not serialized. Please use Generate Lighting to rebuild the lighting data, or assign the target scene to the Lighting Data Asset in the inspector.
 -> (artifact id: '88e1270da84702f796eb39e3cd8d4a55') in 0.012314 seconds 
========================================================================
Received Import Request.
  Time since last request: 0.000099 seconds.
  path: Assets/Skill/Hovl Studio/Sword slash VFX/Prefabs/Prick 5.prefab
  artifactKey: Guid(ce614ff6f5639fb4ab201b6b5b437127) Importer(815301076,1909f56bfc062723c751e8b465ee728b)
Start importing Assets/Skill/Hovl Studio/Sword slash VFX/Prefabs/Prick 5.prefab using Guid(ce614ff6f5639fb4ab201b6b5b437127) Importer(815301076,1909f56bfc062723c751e8b465ee728b)  -> (artifact id: '727c075971b728b9fdbc6895516e24f7') in 0.045931 seconds 
========================================================================
Received Import Request.
  Time since last request: 0.000023 seconds.
  path: Assets/Skill/Hovl Studio/Sword slash VFX/Prefabs/Sword Slash Combo 9.prefab
  artifactKey: Guid(4214c4291f8ff5146820136ad679170f) Importer(815301076,1909f56bfc062723c751e8b465ee728b)
Start importing Assets/Skill/Hovl Studio/Sword slash VFX/Prefabs/Sword Slash Combo 9.prefab using Guid(4214c4291f8ff5146820136ad679170f) Importer(815301076,1909f56bfc062723c751e8b465ee728b)  -> (artifact id: 'a1ff78e2c82bc0c8ea8445c4c96cc2f3') in 0.080171 seconds 
========================================================================
Received Import Request.
  Time since last request: 0.000054 seconds.
  path: Assets/Skill/Hovl Studio/Sword slash VFX/Prefabs/Sword Slash Combo 6.prefab
  artifactKey: Guid(9a4f46efafb833e4185db15f62d96634) Importer(815301076,1909f56bfc062723c751e8b465ee728b)
Start importing Assets/Skill/Hovl Studio/Sword slash VFX/Prefabs/Sword Slash Combo 6.prefab using Guid(9a4f46efafb833e4185db15f62d96634) Importer(815301076,1909f56bfc062723c751e8b465ee728b)  -> (artifact id: 'f44a98c11cc9fe2f4761f6b9650a5e37') in 0.058169 seconds 
========================================================================
Received Import Request.
  Time since last request: 0.000071 seconds.
  path: Assets/Skill/Hovl Studio/Sword slash VFX/Prefabs/Prick 3.prefab
  artifactKey: Guid(09a2baab97fbf474f9499bf610686e4d) Importer(815301076,1909f56bfc062723c751e8b465ee728b)
Start importing Assets/Skill/Hovl Studio/Sword slash VFX/Prefabs/Prick 3.prefab using Guid(09a2baab97fbf474f9499bf610686e4d) Importer(815301076,1909f56bfc062723c751e8b465ee728b)  -> (artifact id: 'b40a72fc183e595ee3ab6cdd33570c4b') in 0.056726 seconds 
========================================================================
Received Import Request.
  Time since last request: 0.000032 seconds.
  path: Assets/Skill/Hovl Studio/Sword slash VFX/Prefabs/Sword Slash 15.prefab
  artifactKey: Guid(5e841c48be9318145af9204a7658cc2e) Importer(815301076,1909f56bfc062723c751e8b465ee728b)
Start importing Assets/Skill/Hovl Studio/Sword slash VFX/Prefabs/Sword Slash 15.prefab using Guid(5e841c48be9318145af9204a7658cc2e) Importer(815301076,1909f56bfc062723c751e8b465ee728b)  -> (artifact id: '86713e8d68b3db72ead770861ac73fd2') in 0.208249 seconds 
========================================================================
Received Import Request.
  Time since last request: 0.000036 seconds.
  path: Assets/Skill/Hovl Studio/Sword slash VFX/Prefabs/Sword Slash 3.prefab
  artifactKey: Guid(3be98662c9e7ef5468cb9c4e11010dc7) Importer(815301076,1909f56bfc062723c751e8b465ee728b)
Start importing Assets/Skill/Hovl Studio/Sword slash VFX/Prefabs/Sword Slash 3.prefab using Guid(3be98662c9e7ef5468cb9c4e11010dc7) Importer(815301076,1909f56bfc062723c751e8b465ee728b)  -> (artifact id: '128894f10e03dcd5f330dbacef08a65a') in 0.036577 seconds 
========================================================================
Received Import Request.
  Time since last request: 24.922403 seconds.
  path: Assets/Scenes
  artifactKey: Guid(aa2b596aa7b310c44a9c9923334d980e) Importer(815301076,1909f56bfc062723c751e8b465ee728b)
Start importing Assets/Scenes using Guid(aa2b596aa7b310c44a9c9923334d980e) Importer(815301076,1909f56bfc062723c751e8b465ee728b)  -> (artifact id: '63654ba4d899e8af7e3a478ce8d49960') in 0.004515 seconds 
========================================================================
Received Import Request.
  Time since last request: 22.244833 seconds.
  path: Assets/Skill/Hovl Studio/Resources/Settings
  artifactKey: Guid(5c2d15a52740a964089ac2fa53b920f3) Importer(815301076,1909f56bfc062723c751e8b465ee728b)
Start importing Assets/Skill/Hovl Studio/Resources/Settings using Guid(5c2d15a52740a964089ac2fa53b920f3) Importer(815301076,1909f56bfc062723c751e8b465ee728b)  -> (artifact id: '575a08926237a1516e2e57dccddbb213') in 0.003065 seconds 
========================================================================
Received Import Request.
  Time since last request: 0.093870 seconds.
  path: Assets/Skill/Hovl Studio/Resources/Settings/PP low.asset
  artifactKey: Guid(70629691e8eede744b1c85c9ddcc4bc4) Importer(815301076,1909f56bfc062723c751e8b465ee728b)
Start importing Assets/Skill/Hovl Studio/Resources/Settings/PP low.asset using Guid(70629691e8eede744b1c85c9ddcc4bc4) Importer(815301076,1909f56bfc062723c751e8b465ee728b)  -> (artifact id: 'f9222c4d0bcdbac931d213be2ddbac84') in 0.004359 seconds 
========================================================================
Received Import Request.
  Time since last request: 2.105356 seconds.
  path: Assets/Skill/Hovl Studio/Resources/Models/Cell.fbx
  artifactKey: Guid(71ed97187ac84c94ab903c47a50d507b) Importer(815301076,1909f56bfc062723c751e8b465ee728b)
Start importing Assets/Skill/Hovl Studio/Resources/Models/Cell.fbx using Guid(71ed97187ac84c94ab903c47a50d507b) Importer(815301076,1909f56bfc062723c751e8b465ee728b)  -> (artifact id: '63c743093cbcfbc3e71fb27e4c465bd2') in 0.308827 seconds 
========================================================================
Received Import Request.
  Time since last request: 0.000021 seconds.
  path: Assets/Skill/Hovl Studio/Resources/Models/IceSpikes2.fbx
  artifactKey: Guid(b9ce37055ebde674f81e44fcd35f6184) Importer(815301076,1909f56bfc062723c751e8b465ee728b)
Start importing Assets/Skill/Hovl Studio/Resources/Models/IceSpikes2.fbx using Guid(b9ce37055ebde674f81e44fcd35f6184) Importer(815301076,1909f56bfc062723c751e8b465ee728b)  -> (artifact id: '2dd2e64d95f2cb032c86d80a67f12e7c') in 0.020611 seconds 
========================================================================
Received Import Request.
  Time since last request: 0.000046 seconds.
  path: Assets/Skill/Hovl Studio/Resources/Models/QuadCV.fbx
  artifactKey: Guid(1742c245bdaa0d24e81b72a7ef2d2e8c) Importer(815301076,1909f56bfc062723c751e8b465ee728b)
Start importing Assets/Skill/Hovl Studio/Resources/Models/QuadCV.fbx using Guid(1742c245bdaa0d24e81b72a7ef2d2e8c) Importer(815301076,1909f56bfc062723c751e8b465ee728b)  -> (artifact id: 'd46e13b483f40ce7155951b648e831d1') in 0.021015 seconds 
========================================================================
Received Import Request.
  Time since last request: 0.000021 seconds.
  path: Assets/Skill/Hovl Studio/Resources/Models/HOVLCrystalPiese.fbx
  artifactKey: Guid(3e7e92633d750d440b9551f9f4bf95aa) Importer(815301076,1909f56bfc062723c751e8b465ee728b)
Start importing Assets/Skill/Hovl Studio/Resources/Models/HOVLCrystalPiese.fbx using Guid(3e7e92633d750d440b9551f9f4bf95aa) Importer(815301076,1909f56bfc062723c751e8b465ee728b)  -> (artifact id: '385313feb997a0d5871a78e813e8cd5f') in 0.022015 seconds 
========================================================================
Received Import Request.
  Time since last request: 0.000031 seconds.
  path: Assets/Skill/Hovl Studio/Resources/Models/QuadToCircle.fbx
  artifactKey: Guid(c9b3eaae0aa575c4db6feb3ae6fea5a7) Importer(815301076,1909f56bfc062723c751e8b465ee728b)
Start importing Assets/Skill/Hovl Studio/Resources/Models/QuadToCircle.fbx using Guid(c9b3eaae0aa575c4db6feb3ae6fea5a7) Importer(815301076,1909f56bfc062723c751e8b465ee728b)  -> (artifact id: 'd2d842ca324c3a29b0e8f6ef21b91124') in 0.023145 seconds 
========================================================================
Received Import Request.
  Time since last request: 0.000020 seconds.
  path: Assets/Skill/Hovl Studio/Resources/Models/Petal.fbx
  artifactKey: Guid(237d530d89452ca419f1b7b3b9412c3f) Importer(815301076,1909f56bfc062723c751e8b465ee728b)
Start importing Assets/Skill/Hovl Studio/Resources/Models/Petal.fbx using Guid(237d530d89452ca419f1b7b3b9412c3f) Importer(815301076,1909f56bfc062723c751e8b465ee728b)  -> (artifact id: '4013a6373a697907d07a44218b6ae7a0') in 0.025755 seconds 
========================================================================
Received Import Request.
  Time since last request: 0.000053 seconds.
  path: Assets/Skill/Hovl Studio/Resources/Models/MagicSword.fbx
  artifactKey: Guid(c8934126fd9131249a579eeadd5f60a5) Importer(815301076,1909f56bfc062723c751e8b465ee728b)
Start importing Assets/Skill/Hovl Studio/Resources/Models/MagicSword.fbx using Guid(c8934126fd9131249a579eeadd5f60a5) Importer(815301076,1909f56bfc062723c751e8b465ee728b)  -> (artifact id: '8fb3be83bbe6c9b7b89f549f87e7efda') in 0.021151 seconds 
========================================================================
Received Import Request.
  Time since last request: 0.000047 seconds.
  path: Assets/Skill/Hovl Studio/Resources/Models/CylindricalCone2.fbx
  artifactKey: Guid(b2f8b571d854cfc42962427536e286b9) Importer(815301076,1909f56bfc062723c751e8b465ee728b)
Start importing Assets/Skill/Hovl Studio/Resources/Models/CylindricalCone2.fbx using Guid(b2f8b571d854cfc42962427536e286b9) Importer(815301076,1909f56bfc062723c751e8b465ee728b)  -> (artifact id: 'a27231ff05f11983a35d1bdf5fce7c25') in 0.022034 seconds 
========================================================================
Received Import Request.
  Time since last request: 0.000023 seconds.
  path: Assets/Skill/Hovl Studio/Resources/Models/Cone2.fbx
  artifactKey: Guid(ee119ff0b02c82442b0fd869e52878cb) Importer(815301076,1909f56bfc062723c751e8b465ee728b)
Start importing Assets/Skill/Hovl Studio/Resources/Models/Cone2.fbx using Guid(ee119ff0b02c82442b0fd869e52878cb) Importer(815301076,1909f56bfc062723c751e8b465ee728b)  -> (artifact id: '81dba3790d99da8dace629d32a45c89c') in 0.023547 seconds 
========================================================================
Received Import Request.
  Time since last request: 0.000019 seconds.
  path: Assets/Skill/Hovl Studio/Resources/Models/CylinderFromCenter2.fbx
  artifactKey: Guid(9f383b802545bff40a5639b09dee9d6c) Importer(815301076,1909f56bfc062723c751e8b465ee728b)
Start importing Assets/Skill/Hovl Studio/Resources/Models/CylinderFromCenter2.fbx using Guid(9f383b802545bff40a5639b09dee9d6c) Importer(815301076,1909f56bfc062723c751e8b465ee728b)  -> (artifact id: '789c82dfbac668281fa890f90cb7af34') in 0.019893 seconds 
========================================================================
Received Import Request.
  Time since last request: 0.000049 seconds.
  path: Assets/Skill/Hovl Studio/Resources/Models/CylinderFromCenter4.fbx
  artifactKey: Guid(f88e7444e7e642d449c338516de8e4a2) Importer(815301076,1909f56bfc062723c751e8b465ee728b)
Start importing Assets/Skill/Hovl Studio/Resources/Models/CylinderFromCenter4.fbx using Guid(f88e7444e7e642d449c338516de8e4a2) Importer(815301076,1909f56bfc062723c751e8b465ee728b)  -> (artifact id: '497f1ab28857310f342126e859ce2be2') in 0.021662 seconds 
========================================================================
Received Import Request.
  Time since last request: 0.496833 seconds.
  path: Assets/Skill/Hovl Studio/Resources/Materials/Aura18cg.mat
  artifactKey: Guid(a240493b1ef471b439429383930b98c7) Importer(815301076,1909f56bfc062723c751e8b465ee728b)
Start importing Assets/Skill/Hovl Studio/Resources/Materials/Aura18cg.mat using Guid(a240493b1ef471b439429383930b98c7) Importer(815301076,1909f56bfc062723c751e8b465ee728b)  -> (artifact id: '6e95370e5295ed5967c889623834f217') in 0.040743 seconds 
========================================================================
Received Import Request.
  Time since last request: 0.000018 seconds.
  path: Assets/Skill/Hovl Studio/Resources/Materials/Distortion.mat
  artifactKey: Guid(630ddcbab420440459087f91bcd9f4c6) Importer(815301076,1909f56bfc062723c751e8b465ee728b)
Start importing Assets/Skill/Hovl Studio/Resources/Materials/Distortion.mat using Guid(630ddcbab420440459087f91bcd9f4c6) Importer(815301076,1909f56bfc062723c751e8b465ee728b)  -> (artifact id: '97e98de7dcbbf9af88c51fdce235ac89') in 0.020988 seconds 
========================================================================
Received Import Request.
  Time since last request: 0.000024 seconds.
  path: Assets/Skill/Hovl Studio/Resources/Materials/DistortionTriangle.mat
  artifactKey: Guid(0279a8df90cf691478b60d8abcd98ac1) Importer(815301076,1909f56bfc062723c751e8b465ee728b)
Start importing Assets/Skill/Hovl Studio/Resources/Materials/DistortionTriangle.mat using Guid(0279a8df90cf691478b60d8abcd98ac1) Importer(815301076,1909f56bfc062723c751e8b465ee728b)  -> (artifact id: '6d9ce95db62485c522397d2784e83921') in 0.012413 seconds 
========================================================================
Received Import Request.
  Time since last request: 0.000048 seconds.
  path: Assets/Skill/Hovl Studio/Resources/Materials/Crack12bcg.mat
  artifactKey: Guid(96a69bb25e92f3f4ab45433ed48f10e9) Importer(815301076,1909f56bfc062723c751e8b465ee728b)
Start importing Assets/Skill/Hovl Studio/Resources/Materials/Crack12bcg.mat using Guid(96a69bb25e92f3f4ab45433ed48f10e9) Importer(815301076,1909f56bfc062723c751e8b465ee728b)  -> (artifact id: '9f45a1b6602ab2e120ff0700c3c455b0') in 0.017163 seconds 
========================================================================
Received Import Request.
  Time since last request: 0.000023 seconds.
  path: Assets/Skill/Hovl Studio/Resources/Materials/Flare21bcg.mat
  artifactKey: Guid(0847e1137284fba48a169ca162e08038) Importer(815301076,1909f56bfc062723c751e8b465ee728b)
Start importing Assets/Skill/Hovl Studio/Resources/Materials/Flare21bcg.mat using Guid(0847e1137284fba48a169ca162e08038) Importer(815301076,1909f56bfc062723c751e8b465ee728b)  -> (artifact id: '5e014c6d477a150440de38390c2d95d3') in 0.019039 seconds 
========================================================================
Received Import Request.
  Time since last request: 0.000021 seconds.
  path: Assets/Skill/Hovl Studio/Resources/Materials/Flare2cg.mat
  artifactKey: Guid(72da916cf60fb554c9ca50a281f0494b) Importer(815301076,1909f56bfc062723c751e8b465ee728b)
Start importing Assets/Skill/Hovl Studio/Resources/Materials/Flare2cg.mat using Guid(72da916cf60fb554c9ca50a281f0494b) Importer(815301076,1909f56bfc062723c751e8b465ee728b)  -> (artifact id: '684fe2fffa129d0cd32387f6403b9906') in 0.014933 seconds 
========================================================================
Received Import Request.
  Time since last request: 0.000076 seconds.
  path: Assets/Skill/Hovl Studio/Resources/Materials/Circle116cg.mat
  artifactKey: Guid(0e1abc933455e0247ad2cd6ac9ba5da6) Importer(815301076,1909f56bfc062723c751e8b465ee728b)
Start importing Assets/Skill/Hovl Studio/Resources/Materials/Circle116cg.mat using Guid(0e1abc933455e0247ad2cd6ac9ba5da6) Importer(815301076,1909f56bfc062723c751e8b465ee728b)  -> (artifact id: '6748028536d7f12a683262adbe096f55') in 0.021612 seconds 
========================================================================
Received Import Request.
  Time since last request: 0.000021 seconds.
  path: Assets/Skill/Hovl Studio/Resources/Materials/Crack11bcg.mat
  artifactKey: Guid(2a07241143814744db62adaffd177b20) Importer(815301076,1909f56bfc062723c751e8b465ee728b)
Start importing Assets/Skill/Hovl Studio/Resources/Materials/Crack11bcg.mat using Guid(2a07241143814744db62adaffd177b20) Importer(815301076,1909f56bfc062723c751e8b465ee728b)  -> (artifact id: '4cdcf5e37b35420172c595f5fa9015d1') in 0.015214 seconds 
========================================================================
Received Import Request.
  Time since last request: 0.000024 seconds.
  path: Assets/Skill/Hovl Studio/Resources/Materials/DistortionSmoke18.mat
  artifactKey: Guid(cdc183a9c59e5fc4787fab317e0d3297) Importer(815301076,1909f56bfc062723c751e8b465ee728b)
Start importing Assets/Skill/Hovl Studio/Resources/Materials/DistortionSmoke18.mat using Guid(cdc183a9c59e5fc4787fab317e0d3297) Importer(815301076,1909f56bfc062723c751e8b465ee728b)  -> (artifact id: '2a9931c04482b5d539489d5bd6659bad') in 0.017076 seconds 
========================================================================
Received Import Request.
  Time since last request: 0.000018 seconds.
  path: Assets/Skill/Hovl Studio/Resources/Materials/Flare22cg.mat
  artifactKey: Guid(5f2c660f638ac034d8d9360271bcfa21) Importer(815301076,1909f56bfc062723c751e8b465ee728b)
Start importing Assets/Skill/Hovl Studio/Resources/Materials/Flare22cg.mat using Guid(5f2c660f638ac034d8d9360271bcfa21) Importer(815301076,1909f56bfc062723c751e8b465ee728b)  -> (artifact id: 'd65d4923c34321e7912de03b237dc999') in 0.019536 seconds 
========================================================================
Received Import Request.
  Time since last request: 0.000023 seconds.
  path: Assets/Skill/Hovl Studio/Resources/Materials/EmberExpl2.mat
  artifactKey: Guid(653116d6cc705b247a43759a53862ed0) Importer(815301076,1909f56bfc062723c751e8b465ee728b)
Start importing Assets/Skill/Hovl Studio/Resources/Materials/EmberExpl2.mat using Guid(653116d6cc705b247a43759a53862ed0) Importer(815301076,1909f56bfc062723c751e8b465ee728b)  -> (artifact id: 'e2fc62ef0ecfd3b527df428dd122379d') in 0.030145 seconds 
========================================================================
Received Import Request.
  Time since last request: 2.527869 seconds.
  path: Assets/Skill/Hovl Studio/Resources/Textures/Aura18.png
  artifactKey: Guid(e0df2d8c76f63644eaf8c22587d04e18) Importer(815301076,1909f56bfc062723c751e8b465ee728b)
Start importing Assets/Skill/Hovl Studio/Resources/Textures/Aura18.png using Guid(e0df2d8c76f63644eaf8c22587d04e18) Importer(815301076,1909f56bfc062723c751e8b465ee728b)  -> (artifact id: '248832b6727094b6c9c8842b67d55f7e') in 0.024006 seconds 
========================================================================
Received Import Request.
  Time since last request: 0.000020 seconds.
  path: Assets/Skill/Hovl Studio/Resources/Textures/EmberExpl2Motion.png
  artifactKey: Guid(ddea7850debf435478fc86c9292bf14b) Importer(815301076,1909f56bfc062723c751e8b465ee728b)
Start importing Assets/Skill/Hovl Studio/Resources/Textures/EmberExpl2Motion.png using Guid(ddea7850debf435478fc86c9292bf14b) Importer(815301076,1909f56bfc062723c751e8b465ee728b)  -> (artifact id: '1e0abeebbe46705cf71ee7c509689d4d') in 0.012172 seconds 
========================================================================
Received Import Request.
  Time since last request: 0.000038 seconds.
  path: Assets/Skill/Hovl Studio/Resources/Textures/Crack12.png
  artifactKey: Guid(51e305b86483bc44bad6e8a9ec691c12) Importer(815301076,1909f56bfc062723c751e8b465ee728b)
Start importing Assets/Skill/Hovl Studio/Resources/Textures/Crack12.png using Guid(51e305b86483bc44bad6e8a9ec691c12) Importer(815301076,1909f56bfc062723c751e8b465ee728b)  -> (artifact id: '33e3b15dfc790462fa1bac6cba8533c6') in 0.014711 seconds 
========================================================================
Received Import Request.
  Time since last request: 0.000027 seconds.
  path: Assets/Skill/Hovl Studio/Resources/Textures/Crater62.png
  artifactKey: Guid(776495090b22ebc49af55b62923f4a68) Importer(815301076,1909f56bfc062723c751e8b465ee728b)
Start importing Assets/Skill/Hovl Studio/Resources/Textures/Crater62.png using Guid(776495090b22ebc49af55b62923f4a68) Importer(815301076,1909f56bfc062723c751e8b465ee728b)  -> (artifact id: '2432f7af3057e6b47373d01cbc1623a5') in 0.013327 seconds 
========================================================================
Received Import Request.
  Time since last request: 0.000029 seconds.
  path: Assets/Skill/Hovl Studio/Resources/Textures/EmberExpl2.png
  artifactKey: Guid(be4f99219bd12104aa653c76948f0aa9) Importer(815301076,1909f56bfc062723c751e8b465ee728b)
Start importing Assets/Skill/Hovl Studio/Resources/Textures/EmberExpl2.png using Guid(be4f99219bd12104aa653c76948f0aa9) Importer(815301076,1909f56bfc062723c751e8b465ee728b)  -> (artifact id: '4c53218bd32c96e48d06dcba857ae1fd') in 0.016126 seconds 
========================================================================
Received Import Request.
  Time since last request: 0.000047 seconds.
  path: Assets/Skill/Hovl Studio/Resources/Textures/Flare2.png
  artifactKey: Guid(377f73880c6a5044aa97ceeeedb8ad2d) Importer(815301076,1909f56bfc062723c751e8b465ee728b)
Start importing Assets/Skill/Hovl Studio/Resources/Textures/Flare2.png using Guid(377f73880c6a5044aa97ceeeedb8ad2d) Importer(815301076,1909f56bfc062723c751e8b465ee728b)  -> (artifact id: 'e55651bd2f8403c0136ac0c0bf231c33') in 0.020255 seconds 
========================================================================
Received Import Request.
  Time since last request: 0.000022 seconds.
  path: Assets/Skill/Hovl Studio/Resources/Textures/Flare21.png
  artifactKey: Guid(947fe6f544d82394db98003a81460397) Importer(815301076,1909f56bfc062723c751e8b465ee728b)
Start importing Assets/Skill/Hovl Studio/Resources/Textures/Flare21.png using Guid(947fe6f544d82394db98003a81460397) Importer(815301076,1909f56bfc062723c751e8b465ee728b)  -> (artifact id: 'e9fa21f6a728d0a1ef364791a8105575') in 0.014601 seconds 
========================================================================
Received Import Request.
  Time since last request: 0.000022 seconds.
  path: Assets/Skill/Hovl Studio/Resources/Textures/Circle116.png
  artifactKey: Guid(e7061965d8dab6c4cb3d8b1e3a15784e) Importer(815301076,1909f56bfc062723c751e8b465ee728b)
Start importing Assets/Skill/Hovl Studio/Resources/Textures/Circle116.png using Guid(e7061965d8dab6c4cb3d8b1e3a15784e) Importer(815301076,1909f56bfc062723c751e8b465ee728b)  -> (artifact id: '67863308306dce3c4b6882e313a99b94') in 0.026091 seconds 
========================================================================
Received Import Request.
  Time since last request: 0.000021 seconds.
  path: Assets/Skill/Hovl Studio/Resources/Textures/Crack11.png
  artifactKey: Guid(93aef35ef9defb646915e02b92cf31a4) Importer(815301076,1909f56bfc062723c751e8b465ee728b)
Start importing Assets/Skill/Hovl Studio/Resources/Textures/Crack11.png using Guid(93aef35ef9defb646915e02b92cf31a4) Importer(815301076,1909f56bfc062723c751e8b465ee728b)  -> (artifact id: '7713db397c8309bfcf08b997d631f448') in 0.012749 seconds 
========================================================================
Received Import Request.
  Time since last request: 0.000023 seconds.
  path: Assets/Skill/Hovl Studio/Resources/Textures/Flare20.png
  artifactKey: Guid(af51dcf70c519b54fb56660a819fb1c3) Importer(815301076,1909f56bfc062723c751e8b465ee728b)
Start importing Assets/Skill/Hovl Studio/Resources/Textures/Flare20.png using Guid(af51dcf70c519b54fb56660a819fb1c3) Importer(815301076,1909f56bfc062723c751e8b465ee728b)  -> (artifact id: '520e53c3bb7fc6be002b76e62b22156c') in 0.016453 seconds 
========================================================================
Received Import Request.
  Time since last request: 0.000024 seconds.
  path: Assets/Skill/Hovl Studio/Resources/Textures/Fire13.png
  artifactKey: Guid(9f0f44cf243664443850d34462e5553f) Importer(815301076,1909f56bfc062723c751e8b465ee728b)
Start importing Assets/Skill/Hovl Studio/Resources/Textures/Fire13.png using Guid(9f0f44cf243664443850d34462e5553f) Importer(815301076,1909f56bfc062723c751e8b465ee728b)  -> (artifact id: '1fa740949d999c8cc16e8454ba317da1') in 0.016611 seconds 
========================================================================
Received Import Request.
  Time since last request: 202.241570 seconds.
  path: Assets/Charactor
  artifactKey: Guid(d4ef81d75d3c53740857c5db16935c2e) Importer(815301076,1909f56bfc062723c751e8b465ee728b)
Start importing Assets/Charactor using Guid(d4ef81d75d3c53740857c5db16935c2e) Importer(815301076,1909f56bfc062723c751e8b465ee728b)  -> (artifact id: '7192ec48fa0c20277e17c5d59ea410db') in 0.005089 seconds 
========================================================================
Received Import Request.
  Time since last request: 21.464051 seconds.
  path: Assets/Character
  artifactKey: Guid(d4ef81d75d3c53740857c5db16935c2e) Importer(815301076,1909f56bfc062723c751e8b465ee728b)
Start importing Assets/Character using Guid(d4ef81d75d3c53740857c5db16935c2e) Importer(815301076,1909f56bfc062723c751e8b465ee728b)  -> (artifact id: 'd1d37abb6eebfabe3a88cba79386e79a') in 0.004387 seconds 
========================================================================
Received Import Request.
  Time since last request: 15.664277 seconds.
  path: Assets/Character/ATART
  artifactKey: Guid(10241010efbcc4d4588846329ffc531d) Importer(815301076,1909f56bfc062723c751e8b465ee728b)
Start importing Assets/Character/ATART using Guid(10241010efbcc4d4588846329ffc531d) Importer(815301076,1909f56bfc062723c751e8b465ee728b)  -> (artifact id: '91bd5c374f73dc84b234f989ff47ba02') in 0.003243 seconds 
========================================================================
Received Import Request.
  Time since last request: 0.813763 seconds.
  path: Assets/Character/ATART/Character
  artifactKey: Guid(c240d83390a91f3419886b9da0cbd831) Importer(815301076,1909f56bfc062723c751e8b465ee728b)
Start importing Assets/Character/ATART/Character using Guid(c240d83390a91f3419886b9da0cbd831) Importer(815301076,1909f56bfc062723c751e8b465ee728b)  -> (artifact id: 'c075591c24f7b2369ae40371b63d29b6') in 0.004737 seconds 
========================================================================
Received Import Request.
  Time since last request: 1.803340 seconds.
  path: Assets/Character/ATART/Public/Dummy.mat
  artifactKey: Guid(02b071ad082b4ec49908eb3939ef438c) Importer(815301076,1909f56bfc062723c751e8b465ee728b)
Start importing Assets/Character/ATART/Public/Dummy.mat using Guid(02b071ad082b4ec49908eb3939ef438c) Importer(815301076,1909f56bfc062723c751e8b465ee728b)  -> (artifact id: 'ca86c02005300cf6308c16ac7592d9af') in 0.016383 seconds 
========================================================================
Received Import Request.
  Time since last request: 0.000025 seconds.
  path: Assets/Character/ATART/Public/Public_RollingCam.playable
  artifactKey: Guid(4b2dbcebd9be47d4692bdfe3b81dd5cb) Importer(815301076,1909f56bfc062723c751e8b465ee728b)
Start importing Assets/Character/ATART/Public/Public_RollingCam.playable using Guid(4b2dbcebd9be47d4692bdfe3b81dd5cb) Importer(815301076,1909f56bfc062723c751e8b465ee728b)  -> (artifact id: 'e31eded1f28c4d438023e59ce86e8725') in 0.021316 seconds 
========================================================================
Received Import Request.
  Time since last request: 0.000026 seconds.
  path: Assets/Character/ATART/Public/Public_ModelProfile.asset
  artifactKey: Guid(ee014a12911634d489df53bc6ecedd4a) Importer(815301076,1909f56bfc062723c751e8b465ee728b)
Start importing Assets/Character/ATART/Public/Public_ModelProfile.asset using Guid(ee014a12911634d489df53bc6ecedd4a) Importer(815301076,1909f56bfc062723c751e8b465ee728b)  -> (artifact id: '83b164ccf74ae758581fcca5cfde9875') in 0.006156 seconds 
========================================================================
Received Import Request.
  Time since last request: 0.000028 seconds.
  path: Assets/Character/ATART/Public/Plane.mat
  artifactKey: Guid(7726292ca1859834d802559a91582e72) Importer(815301076,1909f56bfc062723c751e8b465ee728b)
Start importing Assets/Character/ATART/Public/Plane.mat using Guid(7726292ca1859834d802559a91582e72) Importer(815301076,1909f56bfc062723c751e8b465ee728b)  -> (artifact id: '6644193ba837862dd576d6458e501d52') in 0.119669 seconds 
========================================================================
Received Import Request.
  Time since last request: 3.341260 seconds.
  path: Assets/Character/ATART/Character/Archer
  artifactKey: Guid(a7607d201d7e8a54b93bef0ab17f3d6f) Importer(815301076,1909f56bfc062723c751e8b465ee728b)
Start importing Assets/Character/ATART/Character/Archer using Guid(a7607d201d7e8a54b93bef0ab17f3d6f) Importer(815301076,1909f56bfc062723c751e8b465ee728b)  -> (artifact id: 'e45a7fa7e108ffe5cd6ad1414230edd6') in 0.003189 seconds 
========================================================================
Received Import Request.
  Time since last request: 4.543540 seconds.
  path: Assets/Scenes/SampleScene.unity
  artifactKey: Guid(9fc0d4010bbf28b4594072e72b8655ab) Importer(815301076,1909f56bfc062723c751e8b465ee728b)
Start importing Assets/Scenes/SampleScene.unity using Guid(9fc0d4010bbf28b4594072e72b8655ab) Importer(815301076,1909f56bfc062723c751e8b465ee728b)  -> (artifact id: 'e55ccaa32d8e5c1de03c07a5412c8c3c') in 0.003423 seconds 
========================================================================
Received Import Request.
  Time since last request: 21.155710 seconds.
  path: Assets/Character/ATART/Character/Warrior/Scenes
  artifactKey: Guid(3093cf67be52a144394af898b884c75e) Importer(815301076,1909f56bfc062723c751e8b465ee728b)
Start importing Assets/Character/ATART/Character/Warrior/Scenes using Guid(3093cf67be52a144394af898b884c75e) Importer(815301076,1909f56bfc062723c751e8b465ee728b)  -> (artifact id: '46115bbcc0be89e1ecc0b6bbe856734b') in 0.002813 seconds 
========================================================================
Received Import Request.
  Time since last request: 2.734189 seconds.
  path: Assets/Character/ATART/Character/Warrior/Scenes/Model.unity
  artifactKey: Guid(8db20efcc845d5549a4d030b687df3e5) Importer(815301076,1909f56bfc062723c751e8b465ee728b)
Start importing Assets/Character/ATART/Character/Warrior/Scenes/Model.unity using Guid(8db20efcc845d5549a4d030b687df3e5) Importer(815301076,1909f56bfc062723c751e8b465ee728b)  -> (artifact id: '575f51c435917151f817cc911f4f0286') in 0.003906 seconds 
========================================================================
Received Import Request.
  Time since last request: 0.544790 seconds.
  path: Assets/Character/ATART/Character/Warrior/Scenes/AnimationList.unity
  artifactKey: Guid(3fd70c57ed8837742aa30e0e69a3738c) Importer(815301076,1909f56bfc062723c751e8b465ee728b)
Start importing Assets/Character/ATART/Character/Warrior/Scenes/AnimationList.unity using Guid(3fd70c57ed8837742aa30e0e69a3738c) Importer(815301076,1909f56bfc062723c751e8b465ee728b)  -> (artifact id: 'f80aedbe13440ff9ed52ec3f56f0dfad') in 0.003238 seconds 
========================================================================
Received Import Request.
  Time since last request: 4.388037 seconds.
  path: Assets/Character/ATART/Character/Warrior/Scenes/Sample_AttackCombo.unity
  artifactKey: Guid(6989e7ef375df25449eeba9e98f184f2) Importer(815301076,1909f56bfc062723c751e8b465ee728b)
Start importing Assets/Character/ATART/Character/Warrior/Scenes/Sample_AttackCombo.unity using Guid(6989e7ef375df25449eeba9e98f184f2) Importer(815301076,1909f56bfc062723c751e8b465ee728b)  -> (artifact id: 'ffe5cf18d805d27555dce95bf75db7af') in 0.003943 seconds 
========================================================================
Received Import Request.
  Time since last request: 1.316461 seconds.
  path: Assets/Character/ATART/Character/Warrior/Scenes/Sample_Platformer.unity
  artifactKey: Guid(5f9ca67c9f9686c44b6d7cf0fc07d2a3) Importer(815301076,1909f56bfc062723c751e8b465ee728b)
Start importing Assets/Character/ATART/Character/Warrior/Scenes/Sample_Platformer.unity using Guid(5f9ca67c9f9686c44b6d7cf0fc07d2a3) Importer(815301076,1909f56bfc062723c751e8b465ee728b)  -> (artifact id: '2b6c04155f786de650fab1006f4e9d91') in 0.003781 seconds 
========================================================================
Received Prepare
Registering precompiled user dll's ...
Registered in 0.006818 seconds.
Begin MonoManager ReloadAssembly
Native extension for WindowsStandalone target not found
Native extension for Android target not found
Refreshing native plugins compatible for Editor in 0.78 ms, found 2 plugins.
Preloading 0 native plugins for Editor in 0.00 ms.
Mono: successfully reloaded assembly
- Completed reload, in  1.456 seconds
Domain Reload Profiling:
	ReloadAssembly (1457ms)
		BeginReloadAssembly (196ms)
			ExecutionOrderSort (0ms)
			DisableScriptedObjects (4ms)
			BackupInstance (0ms)
			ReleaseScriptingObjects (0ms)
			CreateAndSetChildDomain (30ms)
		EndReloadAssembly (1133ms)
			LoadAssemblies (152ms)
			RebuildTransferFunctionScriptingTraits (0ms)
			SetupTypeCache (309ms)
			ReleaseScriptCaches (2ms)
			RebuildScriptCaches (66ms)
			SetupLoadedEditorAssemblies (527ms)
				LogAssemblyErrors (0ms)
				InitializePlatformSupportModulesInManaged (50ms)
				SetLoadedEditorAssemblies (1ms)
				RefreshPlugins (1ms)
				BeforeProcessingInitializeOnLoad (101ms)
				ProcessInitializeOnLoadAttributes (302ms)
				ProcessInitializeOnLoadMethodAttributes (31ms)
				AfterProcessingInitializeOnLoad (41ms)
				EditorAssembliesLoaded (0ms)
			ExecutionOrderSort2 (0ms)
			AwakeInstancesAfterBackupRestoration (19ms)
Platform modules already initialized, skipping
Refreshing native plugins compatible for Editor in 4.74 ms, found 2 plugins.
Preloading 0 native plugins for Editor in 0.00 ms.
Unloading 1333 Unused Serialized files (Serialized files now loaded: 0)
Unloading 12 unused Assets / (72.4 KB). Loaded Objects now: 1876.
Memory consumption went from 69.3 MB to 69.2 MB.
Total: 5.210200 ms (FindLiveObjects: 0.370000 ms CreateObjectMapping: 0.078400 ms MarkObjects: 4.369300 ms  DeleteObjects: 0.388500 ms)

AssetImportParameters requested are different than current active one (requested -> active):
  custom:video-decoder-ogg-theora: a1e56fd34408186e4bbccfd4996cb3dc -> 
  custom:container-muxer-webm: aa71ff27fc2769a1b78a27578f13a17b -> 
  custom:container-demuxer-webm: 4f35f7cbe854078d1ac9338744f61a02 -> 
  custom:video-encoder-webm-vp8: eb34c28f22e8b96e1ab97ce403110664 -> 
  custom:audio-encoder-webm-vorbis: bf7c407c2cedff20999df2af8eb42d56 -> 
  custom:framework-win-MediaFoundation: 216162199b28c13a410421893ffa2e32 -> 
  custom:container-demuxer-ogg: 62fdf1f143b41e24485cea50d1cbac27 -> 
  custom:video-decoder-webm-vp8: 9c59270c3fd7afecdb556c50c9e8de78 -> 
  custom:audio-decoder-ogg-vorbis: bf7c407c2cedff20999df2af8eb42d56 -> 
========================================================================
Received Prepare
Registering precompiled user dll's ...
Registered in 0.006507 seconds.
Begin MonoManager ReloadAssembly
Native extension for WindowsStandalone target not found
Native extension for Android target not found
Refreshing native plugins compatible for Editor in 0.80 ms, found 2 plugins.
Preloading 0 native plugins for Editor in 0.00 ms.
Mono: successfully reloaded assembly
- Completed reload, in  1.426 seconds
Domain Reload Profiling:
	ReloadAssembly (1427ms)
		BeginReloadAssembly (198ms)
			ExecutionOrderSort (0ms)
			DisableScriptedObjects (5ms)
			BackupInstance (0ms)
			ReleaseScriptingObjects (0ms)
			CreateAndSetChildDomain (27ms)
		EndReloadAssembly (1102ms)
			LoadAssemblies (158ms)
			RebuildTransferFunctionScriptingTraits (0ms)
			SetupTypeCache (282ms)
			ReleaseScriptCaches (2ms)
			RebuildScriptCaches (60ms)
			SetupLoadedEditorAssemblies (539ms)
				LogAssemblyErrors (0ms)
				InitializePlatformSupportModulesInManaged (44ms)
				SetLoadedEditorAssemblies (1ms)
				RefreshPlugins (1ms)
				BeforeProcessingInitializeOnLoad (120ms)
				ProcessInitializeOnLoadAttributes (301ms)
				ProcessInitializeOnLoadMethodAttributes (29ms)
				AfterProcessingInitializeOnLoad (42ms)
				EditorAssembliesLoaded (1ms)
			ExecutionOrderSort2 (0ms)
			AwakeInstancesAfterBackupRestoration (19ms)
Platform modules already initialized, skipping
Refreshing native plugins compatible for Editor in 4.11 ms, found 2 plugins.
Preloading 0 native plugins for Editor in 0.00 ms.
Unloading 1333 Unused Serialized files (Serialized files now loaded: 0)
Unloading 10 unused Assets / (71.6 KB). Loaded Objects now: 1879.
Memory consumption went from 69.3 MB to 69.2 MB.
Total: 5.534500 ms (FindLiveObjects: 0.334500 ms CreateObjectMapping: 0.062400 ms MarkObjects: 4.825900 ms  DeleteObjects: 0.308000 ms)

AssetImportParameters requested are different than current active one (requested -> active):
  custom:video-decoder-ogg-theora: a1e56fd34408186e4bbccfd4996cb3dc -> 
  custom:container-muxer-webm: aa71ff27fc2769a1b78a27578f13a17b -> 
  custom:container-demuxer-webm: 4f35f7cbe854078d1ac9338744f61a02 -> 
  custom:video-encoder-webm-vp8: eb34c28f22e8b96e1ab97ce403110664 -> 
  custom:audio-encoder-webm-vorbis: bf7c407c2cedff20999df2af8eb42d56 -> 
  custom:framework-win-MediaFoundation: 216162199b28c13a410421893ffa2e32 -> 
  custom:container-demuxer-ogg: 62fdf1f143b41e24485cea50d1cbac27 -> 
  custom:video-decoder-webm-vp8: 9c59270c3fd7afecdb556c50c9e8de78 -> 
  custom:audio-decoder-ogg-vorbis: bf7c407c2cedff20999df2af8eb42d56 -> 
========================================================================
Received Prepare
Registering precompiled user dll's ...
Registered in 0.006533 seconds.
Begin MonoManager ReloadAssembly
Native extension for WindowsStandalone target not found
Native extension for Android target not found
Refreshing native plugins compatible for Editor in 1.62 ms, found 2 plugins.
Preloading 0 native plugins for Editor in 0.00 ms.
Mono: successfully reloaded assembly
- Completed reload, in  1.350 seconds
Domain Reload Profiling:
	ReloadAssembly (1351ms)
		BeginReloadAssembly (189ms)
			ExecutionOrderSort (0ms)
			DisableScriptedObjects (5ms)
			BackupInstance (0ms)
			ReleaseScriptingObjects (0ms)
			CreateAndSetChildDomain (28ms)
		EndReloadAssembly (1026ms)
			LoadAssemblies (144ms)
			RebuildTransferFunctionScriptingTraits (0ms)
			SetupTypeCache (220ms)
			ReleaseScriptCaches (1ms)
			RebuildScriptCaches (60ms)
			SetupLoadedEditorAssemblies (528ms)
				LogAssemblyErrors (0ms)
				InitializePlatformSupportModulesInManaged (47ms)
				SetLoadedEditorAssemblies (1ms)
				RefreshPlugins (2ms)
				BeforeProcessingInitializeOnLoad (110ms)
				ProcessInitializeOnLoadAttributes (302ms)
				ProcessInitializeOnLoadMethodAttributes (27ms)
				AfterProcessingInitializeOnLoad (39ms)
				EditorAssembliesLoaded (0ms)
			ExecutionOrderSort2 (0ms)
			AwakeInstancesAfterBackupRestoration (22ms)
Platform modules already initialized, skipping
Refreshing native plugins compatible for Editor in 5.87 ms, found 2 plugins.
Preloading 0 native plugins for Editor in 0.00 ms.
Unloading 1333 Unused Serialized files (Serialized files now loaded: 0)
Unloading 10 unused Assets / (71.7 KB). Loaded Objects now: 1882.
Memory consumption went from 69.3 MB to 69.2 MB.
Total: 4.602200 ms (FindLiveObjects: 0.245600 ms CreateObjectMapping: 0.072200 ms MarkObjects: 4.148900 ms  DeleteObjects: 0.133100 ms)

AssetImportParameters requested are different than current active one (requested -> active):
  custom:video-decoder-ogg-theora: a1e56fd34408186e4bbccfd4996cb3dc -> 
  custom:container-muxer-webm: aa71ff27fc2769a1b78a27578f13a17b -> 
  custom:container-demuxer-webm: 4f35f7cbe854078d1ac9338744f61a02 -> 
  custom:video-encoder-webm-vp8: eb34c28f22e8b96e1ab97ce403110664 -> 
  custom:audio-encoder-webm-vorbis: bf7c407c2cedff20999df2af8eb42d56 -> 
  custom:framework-win-MediaFoundation: 216162199b28c13a410421893ffa2e32 -> 
  custom:container-demuxer-ogg: 62fdf1f143b41e24485cea50d1cbac27 -> 
  custom:video-decoder-webm-vp8: 9c59270c3fd7afecdb556c50c9e8de78 -> 
  custom:audio-decoder-ogg-vorbis: bf7c407c2cedff20999df2af8eb42d56 -> 
========================================================================
Received Prepare
Registering precompiled user dll's ...
Registered in 0.006814 seconds.
Begin MonoManager ReloadAssembly
Native extension for WindowsStandalone target not found
Native extension for Android target not found
Refreshing native plugins compatible for Editor in 0.77 ms, found 2 plugins.
Preloading 0 native plugins for Editor in 0.00 ms.
Mono: successfully reloaded assembly
- Completed reload, in  1.474 seconds
Domain Reload Profiling:
	ReloadAssembly (1475ms)
		BeginReloadAssembly (205ms)
			ExecutionOrderSort (0ms)
			DisableScriptedObjects (5ms)
			BackupInstance (0ms)
			ReleaseScriptingObjects (0ms)
			CreateAndSetChildDomain (28ms)
		EndReloadAssembly (1137ms)
			LoadAssemblies (166ms)
			RebuildTransferFunctionScriptingTraits (0ms)
			SetupTypeCache (304ms)
			ReleaseScriptCaches (2ms)
			RebuildScriptCaches (61ms)
			SetupLoadedEditorAssemblies (544ms)
				LogAssemblyErrors (0ms)
				InitializePlatformSupportModulesInManaged (49ms)
				SetLoadedEditorAssemblies (1ms)
				RefreshPlugins (1ms)
				BeforeProcessingInitializeOnLoad (115ms)
				ProcessInitializeOnLoadAttributes (300ms)
				ProcessInitializeOnLoadMethodAttributes (34ms)
				AfterProcessingInitializeOnLoad (43ms)
				EditorAssembliesLoaded (0ms)
			ExecutionOrderSort2 (0ms)
			AwakeInstancesAfterBackupRestoration (20ms)
Platform modules already initialized, skipping
Refreshing native plugins compatible for Editor in 3.45 ms, found 2 plugins.
Preloading 0 native plugins for Editor in 0.00 ms.
Unloading 1333 Unused Serialized files (Serialized files now loaded: 0)
Unloading 10 unused Assets / (71.6 KB). Loaded Objects now: 1885.
Memory consumption went from 69.3 MB to 69.2 MB.
Total: 5.627000 ms (FindLiveObjects: 0.365800 ms CreateObjectMapping: 0.077300 ms MarkObjects: 4.931200 ms  DeleteObjects: 0.250200 ms)

AssetImportParameters requested are different than current active one (requested -> active):
  custom:video-decoder-ogg-theora: a1e56fd34408186e4bbccfd4996cb3dc -> 
  custom:container-muxer-webm: aa71ff27fc2769a1b78a27578f13a17b -> 
  custom:container-demuxer-webm: 4f35f7cbe854078d1ac9338744f61a02 -> 
  custom:video-encoder-webm-vp8: eb34c28f22e8b96e1ab97ce403110664 -> 
  custom:audio-encoder-webm-vorbis: bf7c407c2cedff20999df2af8eb42d56 -> 
  custom:framework-win-MediaFoundation: 216162199b28c13a410421893ffa2e32 -> 
  custom:container-demuxer-ogg: 62fdf1f143b41e24485cea50d1cbac27 -> 
  custom:video-decoder-webm-vp8: 9c59270c3fd7afecdb556c50c9e8de78 -> 
  custom:audio-decoder-ogg-vorbis: bf7c407c2cedff20999df2af8eb42d56 -> 
========================================================================
Received Prepare
Registering precompiled user dll's ...
Registered in 0.006739 seconds.
Begin MonoManager ReloadAssembly
Native extension for WindowsStandalone target not found
Native extension for Android target not found
Refreshing native plugins compatible for Editor in 0.59 ms, found 2 plugins.
Preloading 0 native plugins for Editor in 0.00 ms.
Mono: successfully reloaded assembly
- Completed reload, in  1.449 seconds
Domain Reload Profiling:
	ReloadAssembly (1450ms)
		BeginReloadAssembly (200ms)
			ExecutionOrderSort (0ms)
			DisableScriptedObjects (6ms)
			BackupInstance (0ms)
			ReleaseScriptingObjects (0ms)
			CreateAndSetChildDomain (27ms)
		EndReloadAssembly (1119ms)
			LoadAssemblies (157ms)
			RebuildTransferFunctionScriptingTraits (0ms)
			SetupTypeCache (299ms)
			ReleaseScriptCaches (1ms)
			RebuildScriptCaches (64ms)
			SetupLoadedEditorAssemblies (538ms)
				LogAssemblyErrors (0ms)
				InitializePlatformSupportModulesInManaged (47ms)
				SetLoadedEditorAssemblies (1ms)
				RefreshPlugins (1ms)
				BeforeProcessingInitializeOnLoad (114ms)
				ProcessInitializeOnLoadAttributes (302ms)
				ProcessInitializeOnLoadMethodAttributes (32ms)
				AfterProcessingInitializeOnLoad (42ms)
				EditorAssembliesLoaded (0ms)
			ExecutionOrderSort2 (0ms)
			AwakeInstancesAfterBackupRestoration (21ms)
Platform modules already initialized, skipping
Refreshing native plugins compatible for Editor in 4.19 ms, found 2 plugins.
Preloading 0 native plugins for Editor in 0.00 ms.
Unloading 1333 Unused Serialized files (Serialized files now loaded: 0)
Unloading 10 unused Assets / (71.7 KB). Loaded Objects now: 1888.
Memory consumption went from 69.3 MB to 69.2 MB.
Total: 5.351200 ms (FindLiveObjects: 0.407600 ms CreateObjectMapping: 0.085700 ms MarkObjects: 4.559300 ms  DeleteObjects: 0.295700 ms)

AssetImportParameters requested are different than current active one (requested -> active):
  custom:video-decoder-ogg-theora: a1e56fd34408186e4bbccfd4996cb3dc -> 
  custom:container-muxer-webm: aa71ff27fc2769a1b78a27578f13a17b -> 
  custom:container-demuxer-webm: 4f35f7cbe854078d1ac9338744f61a02 -> 
  custom:video-encoder-webm-vp8: eb34c28f22e8b96e1ab97ce403110664 -> 
  custom:audio-encoder-webm-vorbis: bf7c407c2cedff20999df2af8eb42d56 -> 
  custom:framework-win-MediaFoundation: 216162199b28c13a410421893ffa2e32 -> 
  custom:container-demuxer-ogg: 62fdf1f143b41e24485cea50d1cbac27 -> 
  custom:video-decoder-webm-vp8: 9c59270c3fd7afecdb556c50c9e8de78 -> 
  custom:audio-decoder-ogg-vorbis: bf7c407c2cedff20999df2af8eb42d56 -> 
========================================================================
Received Prepare
Registering precompiled user dll's ...
Registered in 0.007097 seconds.
Begin MonoManager ReloadAssembly
Native extension for WindowsStandalone target not found
Native extension for Android target not found
Refreshing native plugins compatible for Editor in 0.45 ms, found 2 plugins.
Preloading 0 native plugins for Editor in 0.00 ms.
Mono: successfully reloaded assembly
- Completed reload, in  1.239 seconds
Domain Reload Profiling:
	ReloadAssembly (1240ms)
		BeginReloadAssembly (191ms)
			ExecutionOrderSort (0ms)
			DisableScriptedObjects (5ms)
			BackupInstance (0ms)
			ReleaseScriptingObjects (0ms)
			CreateAndSetChildDomain (29ms)
		EndReloadAssembly (915ms)
			LoadAssemblies (141ms)
			RebuildTransferFunctionScriptingTraits (0ms)
			SetupTypeCache (195ms)
			ReleaseScriptCaches (1ms)
			RebuildScriptCaches (62ms)
			SetupLoadedEditorAssemblies (460ms)
				LogAssemblyErrors (0ms)
				InitializePlatformSupportModulesInManaged (44ms)
				SetLoadedEditorAssemblies (0ms)
				RefreshPlugins (1ms)
				BeforeProcessingInitializeOnLoad (113ms)
				ProcessInitializeOnLoadAttributes (245ms)
				ProcessInitializeOnLoadMethodAttributes (22ms)
				AfterProcessingInitializeOnLoad (35ms)
				EditorAssembliesLoaded (0ms)
			ExecutionOrderSort2 (0ms)
			AwakeInstancesAfterBackupRestoration (17ms)
Platform modules already initialized, skipping
Refreshing native plugins compatible for Editor in 2.29 ms, found 2 plugins.
Preloading 0 native plugins for Editor in 0.00 ms.
Unloading 1333 Unused Serialized files (Serialized files now loaded: 0)
Unloading 10 unused Assets / (71.6 KB). Loaded Objects now: 1891.
Memory consumption went from 69.3 MB to 69.2 MB.
Total: 4.118200 ms (FindLiveObjects: 0.308300 ms CreateObjectMapping: 0.058700 ms MarkObjects: 3.624400 ms  DeleteObjects: 0.124800 ms)

AssetImportParameters requested are different than current active one (requested -> active):
  custom:video-decoder-ogg-theora: a1e56fd34408186e4bbccfd4996cb3dc -> 
  custom:container-muxer-webm: aa71ff27fc2769a1b78a27578f13a17b -> 
  custom:container-demuxer-webm: 4f35f7cbe854078d1ac9338744f61a02 -> 
  custom:video-encoder-webm-vp8: eb34c28f22e8b96e1ab97ce403110664 -> 
  custom:audio-encoder-webm-vorbis: bf7c407c2cedff20999df2af8eb42d56 -> 
  custom:framework-win-MediaFoundation: 216162199b28c13a410421893ffa2e32 -> 
  custom:container-demuxer-ogg: 62fdf1f143b41e24485cea50d1cbac27 -> 
  custom:video-decoder-webm-vp8: 9c59270c3fd7afecdb556c50c9e8de78 -> 
  custom:audio-decoder-ogg-vorbis: bf7c407c2cedff20999df2af8eb42d56 -> 
========================================================================
Received Prepare
Registering precompiled user dll's ...
Registered in 0.006940 seconds.
Begin MonoManager ReloadAssembly
Native extension for WindowsStandalone target not found
Native extension for Android target not found
Refreshing native plugins compatible for Editor in 0.82 ms, found 2 plugins.
Preloading 0 native plugins for Editor in 0.00 ms.
Mono: successfully reloaded assembly
- Completed reload, in  1.496 seconds
Domain Reload Profiling:
	ReloadAssembly (1497ms)
		BeginReloadAssembly (209ms)
			ExecutionOrderSort (0ms)
			DisableScriptedObjects (6ms)
			BackupInstance (0ms)
			ReleaseScriptingObjects (0ms)
			CreateAndSetChildDomain (30ms)
		EndReloadAssembly (1142ms)
			LoadAssemblies (163ms)
			RebuildTransferFunctionScriptingTraits (0ms)
			SetupTypeCache (292ms)
			ReleaseScriptCaches (2ms)
			RebuildScriptCaches (61ms)
			SetupLoadedEditorAssemblies (558ms)
				LogAssemblyErrors (0ms)
				InitializePlatformSupportModulesInManaged (48ms)
				SetLoadedEditorAssemblies (1ms)
				RefreshPlugins (1ms)
				BeforeProcessingInitializeOnLoad (114ms)
				ProcessInitializeOnLoadAttributes (317ms)
				ProcessInitializeOnLoadMethodAttributes (33ms)
				AfterProcessingInitializeOnLoad (44ms)
				EditorAssembliesLoaded (0ms)
			ExecutionOrderSort2 (0ms)
			AwakeInstancesAfterBackupRestoration (22ms)
Platform modules already initialized, skipping
Refreshing native plugins compatible for Editor in 4.44 ms, found 2 plugins.
Preloading 0 native plugins for Editor in 0.00 ms.
Unloading 1333 Unused Serialized files (Serialized files now loaded: 0)
Unloading 10 unused Assets / (71.8 KB). Loaded Objects now: 1894.
Memory consumption went from 69.3 MB to 69.2 MB.
Total: 5.880800 ms (FindLiveObjects: 0.445400 ms CreateObjectMapping: 0.050400 ms MarkObjects: 5.178600 ms  DeleteObjects: 0.203900 ms)

AssetImportParameters requested are different than current active one (requested -> active):
  custom:video-decoder-ogg-theora: a1e56fd34408186e4bbccfd4996cb3dc -> 
  custom:container-muxer-webm: aa71ff27fc2769a1b78a27578f13a17b -> 
  custom:container-demuxer-webm: 4f35f7cbe854078d1ac9338744f61a02 -> 
  custom:video-encoder-webm-vp8: eb34c28f22e8b96e1ab97ce403110664 -> 
  custom:audio-encoder-webm-vorbis: bf7c407c2cedff20999df2af8eb42d56 -> 
  custom:framework-win-MediaFoundation: 216162199b28c13a410421893ffa2e32 -> 
  custom:container-demuxer-ogg: 62fdf1f143b41e24485cea50d1cbac27 -> 
  custom:video-decoder-webm-vp8: 9c59270c3fd7afecdb556c50c9e8de78 -> 
  custom:audio-decoder-ogg-vorbis: bf7c407c2cedff20999df2af8eb42d56 -> 
========================================================================
Received Prepare
Registering precompiled user dll's ...
Registered in 0.006653 seconds.
Begin MonoManager ReloadAssembly
Native extension for WindowsStandalone target not found
Native extension for Android target not found
Refreshing native plugins compatible for Editor in 0.39 ms, found 2 plugins.
Preloading 0 native plugins for Editor in 0.00 ms.
Mono: successfully reloaded assembly
- Completed reload, in  1.399 seconds
Domain Reload Profiling:
	ReloadAssembly (1401ms)
		BeginReloadAssembly (208ms)
			ExecutionOrderSort (0ms)
			DisableScriptedObjects (7ms)
			BackupInstance (0ms)
			ReleaseScriptingObjects (0ms)
			CreateAndSetChildDomain (29ms)
		EndReloadAssembly (1058ms)
			LoadAssemblies (165ms)
			RebuildTransferFunctionScriptingTraits (0ms)
			SetupTypeCache (247ms)
			ReleaseScriptCaches (2ms)
			RebuildScriptCaches (53ms)
			SetupLoadedEditorAssemblies (535ms)
				LogAssemblyErrors (0ms)
				InitializePlatformSupportModulesInManaged (42ms)
				SetLoadedEditorAssemblies (0ms)
				RefreshPlugins (1ms)
				BeforeProcessingInitializeOnLoad (116ms)
				ProcessInitializeOnLoadAttributes (294ms)
				ProcessInitializeOnLoadMethodAttributes (32ms)
				AfterProcessingInitializeOnLoad (50ms)
				EditorAssembliesLoaded (0ms)
			ExecutionOrderSort2 (0ms)
			AwakeInstancesAfterBackupRestoration (22ms)
Platform modules already initialized, skipping
Refreshing native plugins compatible for Editor in 3.91 ms, found 2 plugins.
Preloading 0 native plugins for Editor in 0.00 ms.
Unloading 1333 Unused Serialized files (Serialized files now loaded: 0)
Unloading 10 unused Assets / (71.7 KB). Loaded Objects now: 1897.
Memory consumption went from 69.3 MB to 69.3 MB.
Total: 3.841100 ms (FindLiveObjects: 0.443000 ms CreateObjectMapping: 0.082700 ms MarkObjects: 3.055800 ms  DeleteObjects: 0.256400 ms)

AssetImportParameters requested are different than current active one (requested -> active):
  custom:video-decoder-ogg-theora: a1e56fd34408186e4bbccfd4996cb3dc -> 
  custom:container-muxer-webm: aa71ff27fc2769a1b78a27578f13a17b -> 
  custom:container-demuxer-webm: 4f35f7cbe854078d1ac9338744f61a02 -> 
  custom:video-encoder-webm-vp8: eb34c28f22e8b96e1ab97ce403110664 -> 
  custom:audio-encoder-webm-vorbis: bf7c407c2cedff20999df2af8eb42d56 -> 
  custom:framework-win-MediaFoundation: 216162199b28c13a410421893ffa2e32 -> 
  custom:container-demuxer-ogg: 62fdf1f143b41e24485cea50d1cbac27 -> 
  custom:video-decoder-webm-vp8: 9c59270c3fd7afecdb556c50c9e8de78 -> 
  custom:audio-decoder-ogg-vorbis: bf7c407c2cedff20999df2af8eb42d56 -> 
========================================================================
Received Prepare
Registering precompiled user dll's ...
Registered in 0.008809 seconds.
Begin MonoManager ReloadAssembly
Native extension for WindowsStandalone target not found
Native extension for Android target not found
Refreshing native plugins compatible for Editor in 0.61 ms, found 2 plugins.
Preloading 0 native plugins for Editor in 0.00 ms.
Mono: successfully reloaded assembly
- Completed reload, in  1.441 seconds
Domain Reload Profiling:
	ReloadAssembly (1442ms)
		BeginReloadAssembly (217ms)
			ExecutionOrderSort (0ms)
			DisableScriptedObjects (5ms)
			BackupInstance (0ms)
			ReleaseScriptingObjects (0ms)
			CreateAndSetChildDomain (27ms)
		EndReloadAssembly (1090ms)
			LoadAssemblies (172ms)
			RebuildTransferFunctionScriptingTraits (0ms)
			SetupTypeCache (280ms)
			ReleaseScriptCaches (1ms)
			RebuildScriptCaches (67ms)
			SetupLoadedEditorAssemblies (513ms)
				LogAssemblyErrors (0ms)
				InitializePlatformSupportModulesInManaged (47ms)
				SetLoadedEditorAssemblies (1ms)
				RefreshPlugins (1ms)
				BeforeProcessingInitializeOnLoad (102ms)
				ProcessInitializeOnLoadAttributes (293ms)
				ProcessInitializeOnLoadMethodAttributes (30ms)
				AfterProcessingInitializeOnLoad (38ms)
				EditorAssembliesLoaded (0ms)
			ExecutionOrderSort2 (0ms)
			AwakeInstancesAfterBackupRestoration (18ms)
Platform modules already initialized, skipping
Refreshing native plugins compatible for Editor in 3.08 ms, found 2 plugins.
Preloading 0 native plugins for Editor in 0.00 ms.
Unloading 1333 Unused Serialized files (Serialized files now loaded: 0)
Unloading 10 unused Assets / (71.7 KB). Loaded Objects now: 1900.
Memory consumption went from 69.3 MB to 69.3 MB.
Total: 3.902100 ms (FindLiveObjects: 0.517700 ms CreateObjectMapping: 0.106600 ms MarkObjects: 3.147500 ms  DeleteObjects: 0.127800 ms)

AssetImportParameters requested are different than current active one (requested -> active):
  custom:video-decoder-ogg-theora: a1e56fd34408186e4bbccfd4996cb3dc -> 
  custom:container-muxer-webm: aa71ff27fc2769a1b78a27578f13a17b -> 
  custom:container-demuxer-webm: 4f35f7cbe854078d1ac9338744f61a02 -> 
  custom:video-encoder-webm-vp8: eb34c28f22e8b96e1ab97ce403110664 -> 
  custom:audio-encoder-webm-vorbis: bf7c407c2cedff20999df2af8eb42d56 -> 
  custom:framework-win-MediaFoundation: 216162199b28c13a410421893ffa2e32 -> 
  custom:container-demuxer-ogg: 62fdf1f143b41e24485cea50d1cbac27 -> 
  custom:video-decoder-webm-vp8: 9c59270c3fd7afecdb556c50c9e8de78 -> 
  custom:audio-decoder-ogg-vorbis: bf7c407c2cedff20999df2af8eb42d56 -> 
========================================================================
Received Import Request.
  Time since last request: 848.011259 seconds.
  path: Assets/Character/ATART/Character/Warrior/Timeline/Warrior_AnimaitonList.playable
  artifactKey: Guid(6bebcc746d19b6c4a9201a34ec0ad738) Importer(815301076,1909f56bfc062723c751e8b465ee728b)
Start importing Assets/Character/ATART/Character/Warrior/Timeline/Warrior_AnimaitonList.playable using Guid(6bebcc746d19b6c4a9201a34ec0ad738) Importer(815301076,1909f56bfc062723c751e8b465ee728b)  -> (artifact id: '5d0c844d7e45127d63d6cf37d2a628d2') in 0.200399 seconds 
========================================================================
Received Import Request.
  Time since last request: 0.000048 seconds.
  path: Assets/Character/ATART/Character/Warrior/Timeline/Warrior_AttackCombo.playable
  artifactKey: Guid(4327124629e55a64db252fe16b67a4fe) Importer(815301076,1909f56bfc062723c751e8b465ee728b)
Start importing Assets/Character/ATART/Character/Warrior/Timeline/Warrior_AttackCombo.playable using Guid(4327124629e55a64db252fe16b67a4fe) Importer(815301076,1909f56bfc062723c751e8b465ee728b)  -> (artifact id: 'b8d9f00018b551386918e54dbe7b09d7') in 0.058198 seconds 
========================================================================
Received Import Request.
  Time since last request: 0.000055 seconds.
  path: Assets/Character/ATART/Character/Warrior/Timeline/Warrior_Platformer.playable
  artifactKey: Guid(fe904c7eb9767014b954648b971d772b) Importer(815301076,1909f56bfc062723c751e8b465ee728b)
Start importing Assets/Character/ATART/Character/Warrior/Timeline/Warrior_Platformer.playable using Guid(fe904c7eb9767014b954648b971d772b) Importer(815301076,1909f56bfc062723c751e8b465ee728b)  -> (artifact id: '9492d42a6f1a8b18359d0fc9a590b2dd') in 0.021502 seconds 
========================================================================
Received Prepare
Registering precompiled user dll's ...
Registered in 0.006918 seconds.
Begin MonoManager ReloadAssembly
Native extension for WindowsStandalone target not found
Native extension for Android target not found
Refreshing native plugins compatible for Editor in 0.69 ms, found 2 plugins.
Preloading 0 native plugins for Editor in 0.00 ms.
Mono: successfully reloaded assembly
- Completed reload, in  1.439 seconds
Domain Reload Profiling:
	ReloadAssembly (1440ms)
		BeginReloadAssembly (206ms)
			ExecutionOrderSort (0ms)
			DisableScriptedObjects (5ms)
			BackupInstance (0ms)
			ReleaseScriptingObjects (0ms)
			CreateAndSetChildDomain (29ms)
		EndReloadAssembly (1101ms)
			LoadAssemblies (159ms)
			RebuildTransferFunctionScriptingTraits (0ms)
			SetupTypeCache (288ms)
			ReleaseScriptCaches (2ms)
			RebuildScriptCaches (59ms)
			SetupLoadedEditorAssemblies (546ms)
				LogAssemblyErrors (0ms)
				InitializePlatformSupportModulesInManaged (43ms)
				SetLoadedEditorAssemblies (1ms)
				RefreshPlugins (1ms)
				BeforeProcessingInitializeOnLoad (120ms)
				ProcessInitializeOnLoadAttributes (310ms)
				ProcessInitializeOnLoadMethodAttributes (29ms)
				AfterProcessingInitializeOnLoad (41ms)
				EditorAssembliesLoaded (0ms)
			ExecutionOrderSort2 (0ms)
			AwakeInstancesAfterBackupRestoration (19ms)
Platform modules already initialized, skipping
Refreshing native plugins compatible for Editor in 3.84 ms, found 2 plugins.
Preloading 0 native plugins for Editor in 0.00 ms.
Unloading 1333 Unused Serialized files (Serialized files now loaded: 0)
Unloading 10 unused Assets / (71.7 KB). Loaded Objects now: 1903.
Memory consumption went from 69.4 MB to 69.3 MB.
Total: 6.126100 ms (FindLiveObjects: 0.384200 ms CreateObjectMapping: 0.077600 ms MarkObjects: 5.336200 ms  DeleteObjects: 0.325100 ms)

AssetImportParameters requested are different than current active one (requested -> active):
  custom:video-decoder-ogg-theora: a1e56fd34408186e4bbccfd4996cb3dc -> 
  custom:container-muxer-webm: aa71ff27fc2769a1b78a27578f13a17b -> 
  custom:container-demuxer-webm: 4f35f7cbe854078d1ac9338744f61a02 -> 
  custom:video-encoder-webm-vp8: eb34c28f22e8b96e1ab97ce403110664 -> 
  custom:audio-encoder-webm-vorbis: bf7c407c2cedff20999df2af8eb42d56 -> 
  custom:framework-win-MediaFoundation: 216162199b28c13a410421893ffa2e32 -> 
  custom:container-demuxer-ogg: 62fdf1f143b41e24485cea50d1cbac27 -> 
  custom:video-decoder-webm-vp8: 9c59270c3fd7afecdb556c50c9e8de78 -> 
  custom:audio-decoder-ogg-vorbis: bf7c407c2cedff20999df2af8eb42d56 -> 
